TpTrace Verbose: 0 : 29376, 1, 2022/08/18, 21:47:50.959, 6178266645786, vstest.console.dll, Version: 17.2.0-release-20220408-11 Current process architecture: X64
TpTrace Information: 0 : 29376, 1, 2022/08/18, 21:47:50.965, 6178266706717, vstest.console.dll, FilePatternParser: The given file C:\TIARA\UNIVERSIDAD\SEMESTRE 8\TALLER DE DESARROLLO DE SW\TAREAS\proyecto\approach1-APRENDIENDO-FAMILIARIZANDO\backend1\UnitTests\bin\Debug\net6.0\fine-code-coverage\build-output\UnitTests.dll is a full path.
TpTrace Verbose: 0 : 29376, 1, 2022/08/18, 21:47:50.970, 6178266749435, vstest.console.dll, TestPluginCache.DiscoverTestExtensions: finding test extensions in assemblies ends with: RuntimeProvider.dll TPluginInfo: Microsoft.VisualStudio.TestPlatform.Common.ExtensionFramework.Utilities.TestRuntimePluginInformation TExtension: Microsoft.VisualStudio.TestPlatform.ObjectModel.Host.ITestRuntimeProvider
TpTrace Verbose: 0 : 29376, 1, 2022/08/18, 21:47:50.972, 6178266769206, vstest.console.dll, TestPluginCache.GetExtensionPaths: Filtered extension paths: 
TpTrace Verbose: 0 : 29376, 1, 2022/08/18, 21:47:50.972, 6178266769840, vstest.console.dll, TestPluginCache.GetExtensionPaths: Added default extension paths: C:\Program Files\dotnet\sdk\6.0.303\Extensions\DumpMinitool.exe
C:\Program Files\dotnet\sdk\6.0.303\Extensions\DumpMinitool.x86.exe
C:\Program Files\dotnet\sdk\6.0.303\Extensions\Microsoft.Diagnostics.NETCore.Client.dll
C:\Program Files\dotnet\sdk\6.0.303\Extensions\Microsoft.TestPlatform.Extensions.BlameDataCollector.dll
C:\Program Files\dotnet\sdk\6.0.303\Extensions\Microsoft.TestPlatform.Extensions.EventLogCollector.dll
C:\Program Files\dotnet\sdk\6.0.303\Extensions\Microsoft.TestPlatform.TestHostRuntimeProvider.dll
C:\Program Files\dotnet\sdk\6.0.303\Extensions\Microsoft.VisualStudio.TestPlatform.Extensions.Html.TestLogger.dll
C:\Program Files\dotnet\sdk\6.0.303\Extensions\Microsoft.VisualStudio.TestPlatform.Extensions.Trx.TestLogger.dll
TpTrace Verbose: 0 : 29376, 1, 2022/08/18, 21:47:50.972, 6178266770026, vstest.console.dll, TestPluginCache.GetExtensionPaths: Added unfilterableExtensionPaths: 
TpTrace Information: 0 : 29376, 1, 2022/08/18, 21:47:50.972, 6178266774131, vstest.console.dll, AssemblyResolver.ctor: Creating AssemblyResolver with searchDirectories C:\Program Files\dotnet\sdk\6.0.303\Extensions,C:\Program Files\dotnet\sdk\6.0.303
TpTrace Verbose: 0 : 29376, 1, 2022/08/18, 21:47:50.973, 6178266779523, vstest.console.dll, TestPluginCache.DiscoverTestExtensions: Discovering the extensions using extension path.
TpTrace Verbose: 0 : 29376, 1, 2022/08/18, 21:47:50.973, 6178266780215, vstest.console.dll, TestPluginCache.GetExtensionPaths: Filtered extension paths: 
TpTrace Verbose: 0 : 29376, 1, 2022/08/18, 21:47:50.973, 6178266780436, vstest.console.dll, TestPluginCache.GetExtensionPaths: Added default extension paths: C:\Program Files\dotnet\sdk\6.0.303\Extensions\DumpMinitool.exe
C:\Program Files\dotnet\sdk\6.0.303\Extensions\DumpMinitool.x86.exe
C:\Program Files\dotnet\sdk\6.0.303\Extensions\Microsoft.Diagnostics.NETCore.Client.dll
C:\Program Files\dotnet\sdk\6.0.303\Extensions\Microsoft.TestPlatform.Extensions.BlameDataCollector.dll
C:\Program Files\dotnet\sdk\6.0.303\Extensions\Microsoft.TestPlatform.Extensions.EventLogCollector.dll
C:\Program Files\dotnet\sdk\6.0.303\Extensions\Microsoft.TestPlatform.TestHostRuntimeProvider.dll
C:\Program Files\dotnet\sdk\6.0.303\Extensions\Microsoft.VisualStudio.TestPlatform.Extensions.Html.TestLogger.dll
C:\Program Files\dotnet\sdk\6.0.303\Extensions\Microsoft.VisualStudio.TestPlatform.Extensions.Trx.TestLogger.dll
TpTrace Verbose: 0 : 29376, 1, 2022/08/18, 21:47:50.973, 6178266780582, vstest.console.dll, TestPluginCache.GetExtensionPaths: Added unfilterableExtensionPaths: 
TpTrace Verbose: 0 : 29376, 1, 2022/08/18, 21:47:50.973, 6178266780903, vstest.console.dll, TestPluginCache.DiscoverTestExtensions: Discovering the extensions using allExtensionPaths: C:\Program Files\dotnet\sdk\6.0.303\Extensions\DumpMinitool.exe
C:\Program Files\dotnet\sdk\6.0.303\Extensions\DumpMinitool.x86.exe
C:\Program Files\dotnet\sdk\6.0.303\Extensions\Microsoft.Diagnostics.NETCore.Client.dll
C:\Program Files\dotnet\sdk\6.0.303\Extensions\Microsoft.TestPlatform.Extensions.BlameDataCollector.dll
C:\Program Files\dotnet\sdk\6.0.303\Extensions\Microsoft.TestPlatform.Extensions.EventLogCollector.dll
C:\Program Files\dotnet\sdk\6.0.303\Extensions\Microsoft.TestPlatform.TestHostRuntimeProvider.dll
C:\Program Files\dotnet\sdk\6.0.303\Extensions\Microsoft.VisualStudio.TestPlatform.Extensions.Html.TestLogger.dll
C:\Program Files\dotnet\sdk\6.0.303\Extensions\Microsoft.VisualStudio.TestPlatform.Extensions.Trx.TestLogger.dll
TpTrace Information: 0 : 29376, 1, 2022/08/18, 21:47:50.973, 6178266781973, vstest.console.dll, AssemblyResolver.AddSearchDirectories: Adding more searchDirectories C:\Program Files\dotnet\sdk\6.0.303\Extensions,C:\Program Files\dotnet\sdk\6.0.303
TpTrace Information: 0 : 29376, 1, 2022/08/18, 21:47:50.973, 6178266782271, vstest.console.dll, AssemblyResolver.AddSearchDirectories: Adding more searchDirectories C:\Program Files\dotnet\sdk\6.0.303\Extensions,C:\Program Files\dotnet\sdk\6.0.303
TpTrace Information: 0 : 29376, 1, 2022/08/18, 21:47:50.973, 6178266782417, vstest.console.dll, AssemblyResolver.AddSearchDirectories: Adding more searchDirectories C:\Program Files\dotnet\sdk\6.0.303\Extensions,C:\Program Files\dotnet\sdk\6.0.303
TpTrace Information: 0 : 29376, 1, 2022/08/18, 21:47:50.973, 6178266782550, vstest.console.dll, AssemblyResolver.AddSearchDirectories: Adding more searchDirectories C:\Program Files\dotnet\sdk\6.0.303\Extensions,C:\Program Files\dotnet\sdk\6.0.303
TpTrace Information: 0 : 29376, 1, 2022/08/18, 21:47:50.973, 6178266782707, vstest.console.dll, AssemblyResolver.AddSearchDirectories: Adding more searchDirectories C:\Program Files\dotnet\sdk\6.0.303\Extensions,C:\Program Files\dotnet\sdk\6.0.303
TpTrace Information: 0 : 29376, 1, 2022/08/18, 21:47:50.973, 6178266782839, vstest.console.dll, AssemblyResolver.AddSearchDirectories: Adding more searchDirectories C:\Program Files\dotnet\sdk\6.0.303\Extensions,C:\Program Files\dotnet\sdk\6.0.303
TpTrace Information: 0 : 29376, 1, 2022/08/18, 21:47:50.973, 6178266782969, vstest.console.dll, AssemblyResolver.AddSearchDirectories: Adding more searchDirectories C:\Program Files\dotnet\sdk\6.0.303\Extensions,C:\Program Files\dotnet\sdk\6.0.303
TpTrace Information: 0 : 29376, 1, 2022/08/18, 21:47:50.973, 6178266783147, vstest.console.dll, AssemblyResolver.AddSearchDirectories: Adding more searchDirectories C:\Program Files\dotnet\sdk\6.0.303\Extensions,C:\Program Files\dotnet\sdk\6.0.303
TpTrace Information: 0 : 29376, 1, 2022/08/18, 21:47:50.973, 6178266785427, vstest.console.dll, AssemblyResolver.OnResolve: DumpMinitool: Resolving assembly.
TpTrace Information: 0 : 29376, 1, 2022/08/18, 21:47:50.973, 6178266785804, vstest.console.dll, AssemblyResolver.OnResolve: DumpMinitool: Searching in: 'C:\Program Files\dotnet\sdk\6.0.303\Extensions'.
TpTrace Information: 0 : 29376, 1, 2022/08/18, 21:47:50.973, 6178266786320, vstest.console.dll, AssemblyResolver.OnResolve: DumpMinitool: Assembly path does not exist: 'C:\Program Files\dotnet\sdk\6.0.303\Extensions\DumpMinitool.dll', returning.
TpTrace Information: 0 : 29376, 1, 2022/08/18, 21:47:50.974, 6178266790935, vstest.console.dll, AssemblyResolver.OnResolve: DumpMinitool: Loading assembly 'C:\Program Files\dotnet\sdk\6.0.303\Extensions\DumpMinitool.exe'.
TpTrace Information: 0 : 29376, 1, 2022/08/18, 21:47:50.974, 6178266794802, vstest.console.dll, AssemblyResolver.OnResolve: Resolved assembly: DumpMinitool, from path: C:\Program Files\dotnet\sdk\6.0.303\Extensions\DumpMinitool.exe
TpTrace Verbose: 0 : 29376, 1, 2022/08/18, 21:47:50.977, 6178266824284, vstest.console.dll, MetadataReaderExtensionsHelper: Discovering extensions inside assembly 'DumpMinitool, Version=15.0.0.0, Culture=neutral, PublicKeyToken=b03f5f7f11d50a3a' file path 'C:\Program Files\dotnet\sdk\6.0.303\Extensions\DumpMinitool.exe'
TpTrace Information: 0 : 29376, 1, 2022/08/18, 21:47:50.981, 6178266866055, vstest.console.dll, AssemblyResolver.OnResolve: DumpMinitool.x86: Resolving assembly.
TpTrace Information: 0 : 29376, 1, 2022/08/18, 21:47:50.981, 6178266867009, vstest.console.dll, AssemblyResolver.OnResolve: DumpMinitool.x86: Searching in: 'C:\Program Files\dotnet\sdk\6.0.303\Extensions'.
TpTrace Information: 0 : 29376, 1, 2022/08/18, 21:47:50.981, 6178266867493, vstest.console.dll, AssemblyResolver.OnResolve: DumpMinitool.x86: Assembly path does not exist: 'C:\Program Files\dotnet\sdk\6.0.303\Extensions\DumpMinitool.x86.dll', returning.
TpTrace Information: 0 : 29376, 1, 2022/08/18, 21:47:50.982, 6178266872103, vstest.console.dll, AssemblyResolver.OnResolve: DumpMinitool.x86: Loading assembly 'C:\Program Files\dotnet\sdk\6.0.303\Extensions\DumpMinitool.x86.exe'.
TpTrace Information: 0 : 29376, 1, 2022/08/18, 21:47:50.982, 6178266877039, vstest.console.dll, AssemblyResolver.OnResolve: Resolved assembly: DumpMinitool.x86, from path: C:\Program Files\dotnet\sdk\6.0.303\Extensions\DumpMinitool.x86.exe
TpTrace Verbose: 0 : 29376, 1, 2022/08/18, 21:47:50.982, 6178266877629, vstest.console.dll, MetadataReaderExtensionsHelper: Discovering extensions inside assembly 'DumpMinitool.x86, Version=15.0.0.0, Culture=neutral, PublicKeyToken=b03f5f7f11d50a3a' file path 'C:\Program Files\dotnet\sdk\6.0.303\Extensions\DumpMinitool.x86.exe'
TpTrace Information: 0 : 29376, 1, 2022/08/18, 21:47:50.983, 6178266883126, vstest.console.dll, AssemblyResolver.OnResolve: Microsoft.Diagnostics.NETCore.Client: Resolving assembly.
TpTrace Information: 0 : 29376, 1, 2022/08/18, 21:47:50.983, 6178266883486, vstest.console.dll, AssemblyResolver.OnResolve: Microsoft.Diagnostics.NETCore.Client: Searching in: 'C:\Program Files\dotnet\sdk\6.0.303\Extensions'.
TpTrace Information: 0 : 29376, 1, 2022/08/18, 21:47:50.983, 6178266886412, vstest.console.dll, AssemblyResolver.OnResolve: Microsoft.Diagnostics.NETCore.Client: Loading assembly 'C:\Program Files\dotnet\sdk\6.0.303\Extensions\Microsoft.Diagnostics.NETCore.Client.dll'.
TpTrace Information: 0 : 29376, 1, 2022/08/18, 21:47:50.984, 6178266890123, vstest.console.dll, AssemblyResolver.OnResolve: Resolved assembly: Microsoft.Diagnostics.NETCore.Client, from path: C:\Program Files\dotnet\sdk\6.0.303\Extensions\Microsoft.Diagnostics.NETCore.Client.dll
TpTrace Verbose: 0 : 29376, 1, 2022/08/18, 21:47:50.984, 6178266890575, vstest.console.dll, MetadataReaderExtensionsHelper: Discovering extensions inside assembly 'Microsoft.Diagnostics.NETCore.Client, Version=0.2.5.801, Culture=neutral, PublicKeyToken=31bf3856ad364e35' file path 'C:\Program Files\dotnet\sdk\6.0.303\Extensions\Microsoft.Diagnostics.NETCore.Client.dll'
TpTrace Information: 0 : 29376, 1, 2022/08/18, 21:47:50.987, 6178266927817, vstest.console.dll, AssemblyResolver.OnResolve: Microsoft.Bcl.AsyncInterfaces: Resolving assembly.
TpTrace Information: 0 : 29376, 1, 2022/08/18, 21:47:50.988, 6178266928388, vstest.console.dll, AssemblyResolver.OnResolve: Microsoft.Bcl.AsyncInterfaces: Searching in: 'C:\Program Files\dotnet\sdk\6.0.303\Extensions'.
TpTrace Information: 0 : 29376, 1, 2022/08/18, 21:47:50.988, 6178266928806, vstest.console.dll, AssemblyResolver.OnResolve: Microsoft.Bcl.AsyncInterfaces: Assembly path does not exist: 'C:\Program Files\dotnet\sdk\6.0.303\Extensions\Microsoft.Bcl.AsyncInterfaces.dll', returning.
TpTrace Information: 0 : 29376, 1, 2022/08/18, 21:47:50.988, 6178266929092, vstest.console.dll, AssemblyResolver.OnResolve: Microsoft.Bcl.AsyncInterfaces: Assembly path does not exist: 'C:\Program Files\dotnet\sdk\6.0.303\Extensions\Microsoft.Bcl.AsyncInterfaces.exe', returning.
TpTrace Information: 0 : 29376, 1, 2022/08/18, 21:47:50.988, 6178266929238, vstest.console.dll, AssemblyResolver.OnResolve: Microsoft.Bcl.AsyncInterfaces: Searching in: 'C:\Program Files\dotnet\sdk\6.0.303'.
TpTrace Information: 0 : 29376, 1, 2022/08/18, 21:47:50.988, 6178266929516, vstest.console.dll, AssemblyResolver.OnResolve: Microsoft.Bcl.AsyncInterfaces: Assembly path does not exist: 'C:\Program Files\dotnet\sdk\6.0.303\Microsoft.Bcl.AsyncInterfaces.dll', returning.
TpTrace Information: 0 : 29376, 1, 2022/08/18, 21:47:50.988, 6178266929769, vstest.console.dll, AssemblyResolver.OnResolve: Microsoft.Bcl.AsyncInterfaces: Assembly path does not exist: 'C:\Program Files\dotnet\sdk\6.0.303\Microsoft.Bcl.AsyncInterfaces.exe', returning.
TpTrace Information: 0 : 29376, 1, 2022/08/18, 21:47:50.988, 6178266929906, vstest.console.dll, AssemblyResolver.OnResolve: Microsoft.Bcl.AsyncInterfaces: Failed to load assembly.
TpTrace Verbose: 0 : 29376, 1, 2022/08/18, 21:47:50.988, 6178266930154, vstest.console.dll, CurrentDomainAssemblyResolve: Resolving assembly 'Microsoft.Bcl.AsyncInterfaces'.
TpTrace Information: 0 : 29376, 1, 2022/08/18, 21:47:50.988, 6178266930475, vstest.console.dll, AssemblyResolver.OnResolve: Microsoft.Bcl.AsyncInterfaces: Resolving assembly.
TpTrace Information: 0 : 29376, 1, 2022/08/18, 21:47:50.988, 6178266930682, vstest.console.dll, AssemblyResolver.OnResolve: Microsoft.Bcl.AsyncInterfaces: Resolved from cache.
TpTrace Verbose: 0 : 29376, 1, 2022/08/18, 21:47:50.988, 6178266930821, vstest.console.dll, CurrentDomainAssemblyResolve: Resolving assembly 'Microsoft.Bcl.AsyncInterfaces'.
TpTrace Verbose: 0 : 29376, 1, 2022/08/18, 21:47:50.988, 6178266931017, vstest.console.dll, CurrentDomainAssemblyResolve: Failed to resolve assembly 'Microsoft.Bcl.AsyncInterfaces'.
TpTrace Verbose: 0 : 29376, 1, 2022/08/18, 21:47:50.988, 6178266934789, vstest.console.dll, CurrentDomainAssemblyResolve: Failed to resolve assembly 'Microsoft.Bcl.AsyncInterfaces'.
TpTrace Warning: 0 : 29376, 1, 2022/08/18, 21:47:50.995, 6178267002847, vstest.console.dll, TestPluginDiscoverer: Failed to get types from assembly 'Microsoft.Diagnostics.NETCore.Client, Version=0.2.5.801, Culture=neutral, PublicKeyToken=31bf3856ad364e35'. Error: System.Reflection.ReflectionTypeLoadException: Unable to load one or more of the requested types.
Could not load file or assembly 'Microsoft.Bcl.AsyncInterfaces, Version=1.0.0.0, Culture=neutral, PublicKeyToken=cc7b13ffcd2ddd51'. El sistema no puede encontrar el archivo especificado.
   at System.Reflection.RuntimeModule.GetTypes(RuntimeModule module)
   at System.Reflection.Assembly.GetTypes()
   at Microsoft.VisualStudio.TestPlatform.Common.ExtensionFramework.TestPluginDiscoverer.GetTestExtensionsFromAssembly[TPluginInfo,TExtension](Assembly assembly, Dictionary`2 pluginInfos, String filePath)
System.IO.FileNotFoundException: Could not load file or assembly 'Microsoft.Bcl.AsyncInterfaces, Version=1.0.0.0, Culture=neutral, PublicKeyToken=cc7b13ffcd2ddd51'. El sistema no puede encontrar el archivo especificado.
File name: 'Microsoft.Bcl.AsyncInterfaces, Version=1.0.0.0, Culture=neutral, PublicKeyToken=cc7b13ffcd2ddd51'
 ---> System.IO.FileNotFoundException: Could not load file or assembly 'Microsoft.Bcl.AsyncInterfaces, Culture=neutral, PublicKeyToken=null'. El sistema no puede encontrar el archivo especificado.
File name: 'Microsoft.Bcl.AsyncInterfaces, Culture=neutral, PublicKeyToken=null'
   at System.Reflection.RuntimeAssembly.InternalLoad(ObjectHandleOnStack assemblyName, ObjectHandleOnStack requestingAssembly, StackCrawlMarkHandle stackMark, Boolean throwOnFileNotFound, ObjectHandleOnStack assemblyLoadContext, ObjectHandleOnStack retAssembly)
   at System.Reflection.RuntimeAssembly.InternalLoad(AssemblyName assemblyName, RuntimeAssembly requestingAssembly, StackCrawlMark& stackMark, Boolean throwOnFileNotFound, AssemblyLoadContext assemblyLoadContext)
   at System.Reflection.Assembly.Load(AssemblyName assemblyRef)
   at Microsoft.VisualStudio.TestPlatform.Common.ExtensionFramework.TestPluginCache.CurrentDomainAssemblyResolve(Object sender, AssemblyResolveEventArgs args)
   at Microsoft.VisualStudio.TestPlatform.PlatformAbstractions.PlatformAssemblyResolver.AssemblyResolverEvent(Object sender, Object eventArgs)
   at System.Runtime.Loader.AssemblyLoadContext.GetFirstResolvedAssemblyFromResolvingEvent(AssemblyName assemblyName)
   at System.Runtime.Loader.AssemblyLoadContext.ResolveUsingEvent(AssemblyName assemblyName)
   at System.Runtime.Loader.AssemblyLoadContext.ResolveUsingResolvingEvent(IntPtr gchManagedAssemblyLoadContext, AssemblyName assemblyName)
TpTrace Warning: 0 : 29376, 1, 2022/08/18, 21:47:50.995, 6178267005136, vstest.console.dll, LoaderExceptions: System.IO.FileNotFoundException: Could not load file or assembly 'Microsoft.Bcl.AsyncInterfaces, Version=1.0.0.0, Culture=neutral, PublicKeyToken=cc7b13ffcd2ddd51'. El sistema no puede encontrar el archivo especificado.
File name: 'Microsoft.Bcl.AsyncInterfaces, Version=1.0.0.0, Culture=neutral, PublicKeyToken=cc7b13ffcd2ddd51'
 ---> System.IO.FileNotFoundException: Could not load file or assembly 'Microsoft.Bcl.AsyncInterfaces, Culture=neutral, PublicKeyToken=null'. El sistema no puede encontrar el archivo especificado.
File name: 'Microsoft.Bcl.AsyncInterfaces, Culture=neutral, PublicKeyToken=null'
   at System.Reflection.RuntimeAssembly.InternalLoad(ObjectHandleOnStack assemblyName, ObjectHandleOnStack requestingAssembly, StackCrawlMarkHandle stackMark, Boolean throwOnFileNotFound, ObjectHandleOnStack assemblyLoadContext, ObjectHandleOnStack retAssembly)
   at System.Reflection.RuntimeAssembly.InternalLoad(AssemblyName assemblyName, RuntimeAssembly requestingAssembly, StackCrawlMark& stackMark, Boolean throwOnFileNotFound, AssemblyLoadContext assemblyLoadContext)
   at System.Reflection.Assembly.Load(AssemblyName assemblyRef)
   at Microsoft.VisualStudio.TestPlatform.Common.ExtensionFramework.TestPluginCache.CurrentDomainAssemblyResolve(Object sender, AssemblyResolveEventArgs args)
   at Microsoft.VisualStudio.TestPlatform.PlatformAbstractions.PlatformAssemblyResolver.AssemblyResolverEvent(Object sender, Object eventArgs)
   at System.Runtime.Loader.AssemblyLoadContext.GetFirstResolvedAssemblyFromResolvingEvent(AssemblyName assemblyName)
   at System.Runtime.Loader.AssemblyLoadContext.ResolveUsingEvent(AssemblyName assemblyName)
   at System.Runtime.Loader.AssemblyLoadContext.ResolveUsingResolvingEvent(IntPtr gchManagedAssemblyLoadContext, AssemblyName assemblyName)
TpTrace Information: 0 : 29376, 1, 2022/08/18, 21:47:50.995, 6178267005925, vstest.console.dll, AssemblyResolver.OnResolve: Microsoft.TestPlatform.Extensions.BlameDataCollector: Resolving assembly.
TpTrace Information: 0 : 29376, 1, 2022/08/18, 21:47:50.995, 6178267006119, vstest.console.dll, AssemblyResolver.OnResolve: Microsoft.TestPlatform.Extensions.BlameDataCollector: Searching in: 'C:\Program Files\dotnet\sdk\6.0.303\Extensions'.
TpTrace Information: 0 : 29376, 1, 2022/08/18, 21:47:50.996, 6178267010452, vstest.console.dll, AssemblyResolver.OnResolve: Microsoft.TestPlatform.Extensions.BlameDataCollector: Loading assembly 'C:\Program Files\dotnet\sdk\6.0.303\Extensions\Microsoft.TestPlatform.Extensions.BlameDataCollector.dll'.
TpTrace Information: 0 : 29376, 1, 2022/08/18, 21:47:50.996, 6178267014693, vstest.console.dll, AssemblyResolver.OnResolve: Resolved assembly: Microsoft.TestPlatform.Extensions.BlameDataCollector, from path: C:\Program Files\dotnet\sdk\6.0.303\Extensions\Microsoft.TestPlatform.Extensions.BlameDataCollector.dll
TpTrace Verbose: 0 : 29376, 1, 2022/08/18, 21:47:50.996, 6178267015161, vstest.console.dll, MetadataReaderExtensionsHelper: Discovering extensions inside assembly 'Microsoft.TestPlatform.Extensions.BlameDataCollector, Version=15.0.0.0, Culture=neutral, PublicKeyToken=b03f5f7f11d50a3a' file path 'C:\Program Files\dotnet\sdk\6.0.303\Extensions\Microsoft.TestPlatform.Extensions.BlameDataCollector.dll'
TpTrace Information: 0 : 29376, 1, 2022/08/18, 21:47:50.997, 6178267024057, vstest.console.dll, AssemblyResolver.OnResolve: Microsoft.TestPlatform.Extensions.EventLogCollector: Resolving assembly.
TpTrace Information: 0 : 29376, 1, 2022/08/18, 21:47:50.997, 6178267024413, vstest.console.dll, AssemblyResolver.OnResolve: Microsoft.TestPlatform.Extensions.EventLogCollector: Searching in: 'C:\Program Files\dotnet\sdk\6.0.303\Extensions'.
TpTrace Information: 0 : 29376, 1, 2022/08/18, 21:47:50.998, 6178267028684, vstest.console.dll, AssemblyResolver.OnResolve: Microsoft.TestPlatform.Extensions.EventLogCollector: Loading assembly 'C:\Program Files\dotnet\sdk\6.0.303\Extensions\Microsoft.TestPlatform.Extensions.EventLogCollector.dll'.
TpTrace Information: 0 : 29376, 1, 2022/08/18, 21:47:50.998, 6178267032206, vstest.console.dll, AssemblyResolver.OnResolve: Resolved assembly: Microsoft.TestPlatform.Extensions.EventLogCollector, from path: C:\Program Files\dotnet\sdk\6.0.303\Extensions\Microsoft.TestPlatform.Extensions.EventLogCollector.dll
TpTrace Verbose: 0 : 29376, 1, 2022/08/18, 21:47:50.998, 6178267032730, vstest.console.dll, MetadataReaderExtensionsHelper: Discovering extensions inside assembly 'Microsoft.TestPlatform.Extensions.EventLogCollector, Version=15.0.0.0, Culture=neutral, PublicKeyToken=b03f5f7f11d50a3a' file path 'C:\Program Files\dotnet\sdk\6.0.303\Extensions\Microsoft.TestPlatform.Extensions.EventLogCollector.dll'
TpTrace Information: 0 : 29376, 1, 2022/08/18, 21:47:50.999, 6178267041481, vstest.console.dll, AssemblyResolver.OnResolve: Microsoft.TestPlatform.TestHostRuntimeProvider: Resolving assembly.
TpTrace Information: 0 : 29376, 1, 2022/08/18, 21:47:50.999, 6178267041822, vstest.console.dll, AssemblyResolver.OnResolve: Microsoft.TestPlatform.TestHostRuntimeProvider: Searching in: 'C:\Program Files\dotnet\sdk\6.0.303\Extensions'.
TpTrace Information: 0 : 29376, 1, 2022/08/18, 21:47:50.999, 6178267044926, vstest.console.dll, AssemblyResolver.OnResolve: Microsoft.TestPlatform.TestHostRuntimeProvider: Loading assembly 'C:\Program Files\dotnet\sdk\6.0.303\Extensions\Microsoft.TestPlatform.TestHostRuntimeProvider.dll'.
TpTrace Information: 0 : 29376, 1, 2022/08/18, 21:47:51.000, 6178267048625, vstest.console.dll, AssemblyResolver.OnResolve: Resolved assembly: Microsoft.TestPlatform.TestHostRuntimeProvider, from path: C:\Program Files\dotnet\sdk\6.0.303\Extensions\Microsoft.TestPlatform.TestHostRuntimeProvider.dll
TpTrace Verbose: 0 : 29376, 1, 2022/08/18, 21:47:51.000, 6178267049103, vstest.console.dll, MetadataReaderExtensionsHelper: Discovering extensions inside assembly 'Microsoft.TestPlatform.TestHostRuntimeProvider, Version=15.0.0.0, Culture=neutral, PublicKeyToken=b03f5f7f11d50a3a' file path 'C:\Program Files\dotnet\sdk\6.0.303\Extensions\Microsoft.TestPlatform.TestHostRuntimeProvider.dll'
TpTrace Information: 0 : 29376, 1, 2022/08/18, 21:47:51.001, 6178267062228, vstest.console.dll, GetTestExtensionFromType: Register extension with identifier data 'HostProvider://DefaultTestHost' and type 'Microsoft.VisualStudio.TestPlatform.CrossPlatEngine.Hosting.DefaultTestHostManager, Microsoft.TestPlatform.TestHostRuntimeProvider, Version=15.0.0.0, Culture=neutral, PublicKeyToken=b03f5f7f11d50a3a' inside file 'C:\Program Files\dotnet\sdk\6.0.303\Extensions\Microsoft.TestPlatform.TestHostRuntimeProvider.dll'
TpTrace Information: 0 : 29376, 1, 2022/08/18, 21:47:51.001, 6178267062871, vstest.console.dll, GetTestExtensionFromType: Register extension with identifier data 'HostProvider://DotnetTestHost' and type 'Microsoft.VisualStudio.TestPlatform.CrossPlatEngine.Hosting.DotnetTestHostManager, Microsoft.TestPlatform.TestHostRuntimeProvider, Version=15.0.0.0, Culture=neutral, PublicKeyToken=b03f5f7f11d50a3a' inside file 'C:\Program Files\dotnet\sdk\6.0.303\Extensions\Microsoft.TestPlatform.TestHostRuntimeProvider.dll'
TpTrace Information: 0 : 29376, 1, 2022/08/18, 21:47:51.001, 6178267063290, vstest.console.dll, AssemblyResolver.OnResolve: Microsoft.VisualStudio.TestPlatform.Extensions.Html.TestLogger: Resolving assembly.
TpTrace Information: 0 : 29376, 1, 2022/08/18, 21:47:51.001, 6178267063461, vstest.console.dll, AssemblyResolver.OnResolve: Microsoft.VisualStudio.TestPlatform.Extensions.Html.TestLogger: Searching in: 'C:\Program Files\dotnet\sdk\6.0.303\Extensions'.
TpTrace Information: 0 : 29376, 1, 2022/08/18, 21:47:51.001, 6178267067141, vstest.console.dll, AssemblyResolver.OnResolve: Microsoft.VisualStudio.TestPlatform.Extensions.Html.TestLogger: Loading assembly 'C:\Program Files\dotnet\sdk\6.0.303\Extensions\Microsoft.VisualStudio.TestPlatform.Extensions.Html.TestLogger.dll'.
TpTrace Information: 0 : 29376, 1, 2022/08/18, 21:47:51.002, 6178267070734, vstest.console.dll, AssemblyResolver.OnResolve: Resolved assembly: Microsoft.VisualStudio.TestPlatform.Extensions.Html.TestLogger, from path: C:\Program Files\dotnet\sdk\6.0.303\Extensions\Microsoft.VisualStudio.TestPlatform.Extensions.Html.TestLogger.dll
TpTrace Verbose: 0 : 29376, 1, 2022/08/18, 21:47:51.002, 6178267071120, vstest.console.dll, MetadataReaderExtensionsHelper: Discovering extensions inside assembly 'Microsoft.VisualStudio.TestPlatform.Extensions.Html.TestLogger, Version=15.0.0.0, Culture=neutral, PublicKeyToken=b03f5f7f11d50a3a' file path 'C:\Program Files\dotnet\sdk\6.0.303\Extensions\Microsoft.VisualStudio.TestPlatform.Extensions.Html.TestLogger.dll'
TpTrace Information: 0 : 29376, 1, 2022/08/18, 21:47:51.002, 6178267075898, vstest.console.dll, AssemblyResolver.OnResolve: Microsoft.VisualStudio.TestPlatform.Extensions.Trx.TestLogger: Resolving assembly.
TpTrace Information: 0 : 29376, 1, 2022/08/18, 21:47:51.002, 6178267076202, vstest.console.dll, AssemblyResolver.OnResolve: Microsoft.VisualStudio.TestPlatform.Extensions.Trx.TestLogger: Searching in: 'C:\Program Files\dotnet\sdk\6.0.303\Extensions'.
TpTrace Information: 0 : 29376, 1, 2022/08/18, 21:47:51.003, 6178267079159, vstest.console.dll, AssemblyResolver.OnResolve: Microsoft.VisualStudio.TestPlatform.Extensions.Trx.TestLogger: Loading assembly 'C:\Program Files\dotnet\sdk\6.0.303\Extensions\Microsoft.VisualStudio.TestPlatform.Extensions.Trx.TestLogger.dll'.
TpTrace Information: 0 : 29376, 1, 2022/08/18, 21:47:51.003, 6178267083085, vstest.console.dll, AssemblyResolver.OnResolve: Resolved assembly: Microsoft.VisualStudio.TestPlatform.Extensions.Trx.TestLogger, from path: C:\Program Files\dotnet\sdk\6.0.303\Extensions\Microsoft.VisualStudio.TestPlatform.Extensions.Trx.TestLogger.dll
TpTrace Verbose: 0 : 29376, 1, 2022/08/18, 21:47:51.003, 6178267083501, vstest.console.dll, MetadataReaderExtensionsHelper: Discovering extensions inside assembly 'Microsoft.VisualStudio.TestPlatform.Extensions.Trx.TestLogger, Version=15.0.0.0, Culture=neutral, PublicKeyToken=b03f5f7f11d50a3a' file path 'C:\Program Files\dotnet\sdk\6.0.303\Extensions\Microsoft.VisualStudio.TestPlatform.Extensions.Trx.TestLogger.dll'
TpTrace Verbose: 0 : 29376, 1, 2022/08/18, 21:47:51.004, 6178267090432, vstest.console.dll, TestPluginCache: Discovered the extensions using extension path ''.
TpTrace Verbose: 0 : 29376, 1, 2022/08/18, 21:47:51.004, 6178267090794, vstest.console.dll, TestPluginCache: Discoverers are ''.
TpTrace Verbose: 0 : 29376, 1, 2022/08/18, 21:47:51.004, 6178267090945, vstest.console.dll, TestPluginCache: Executors are ''.
TpTrace Verbose: 0 : 29376, 1, 2022/08/18, 21:47:51.004, 6178267091061, vstest.console.dll, TestPluginCache: Executors2 are ''.
TpTrace Verbose: 0 : 29376, 1, 2022/08/18, 21:47:51.004, 6178267091174, vstest.console.dll, TestPluginCache: Setting providers are ''.
TpTrace Verbose: 0 : 29376, 1, 2022/08/18, 21:47:51.004, 6178267091289, vstest.console.dll, TestPluginCache: Loggers are ''.
TpTrace Verbose: 0 : 29376, 1, 2022/08/18, 21:47:51.004, 6178267092199, vstest.console.dll, TestPluginCache: TestHosts are 'HostProvider://DefaultTestHost,HostProvider://DotnetTestHost'.
TpTrace Verbose: 0 : 29376, 1, 2022/08/18, 21:47:51.004, 6178267092390, vstest.console.dll, TestPluginCache: DataCollectors are ''.
TpTrace Information: 0 : 29376, 1, 2022/08/18, 21:47:51.011, 6178267161585, vstest.console.dll, RunTestsArgumentProcessor:Execute: Test run is starting.
TpTrace Verbose: 0 : 29376, 1, 2022/08/18, 21:47:51.011, 6178267162264, vstest.console.dll, RunTestsArgumentProcessor:Execute: Queuing Test run.
TpTrace Information: 0 : 29376, 1, 2022/08/18, 21:47:51.011, 6178267163509, vstest.console.dll, TestRequestManager.RunTests: run tests started.
TpTrace Information: 0 : 29376, 1, 2022/08/18, 21:47:51.013, 6178267178775, vstest.console.dll, AssemblyMetadataProvider.GetFrameWork: Determined framework:'.NETCoreApp,Version=v6.0' for source: 'C:\TIARA\UNIVERSIDAD\SEMESTRE 8\TALLER DE DESARROLLO DE SW\TAREAS\proyecto\approach1-APRENDIENDO-FAMILIARIZANDO\backend1\UnitTests\bin\Debug\net6.0\fine-code-coverage\build-output\UnitTests.dll'
TpTrace Information: 0 : 29376, 1, 2022/08/18, 21:47:51.013, 6178267180001, vstest.console.dll, Determined framework for all sources: .NETCoreApp,Version=v6.0
TpTrace Verbose: 0 : 29376, 1, 2022/08/18, 21:47:51.013, 6178267182675, vstest.console.dll, TestRequestManager.UpdateRunSettingsIfRequired: Default architecture: X64 IsDefaultTargetArchitecture: True, Current process architecture: X64 OperatingSystem: Windows.
TpTrace Information: 0 : 29376, 1, 2022/08/18, 21:47:51.013, 6178267184512, vstest.console.dll, AssemblyMetadataProvider.GetArchitecture: Determined architecture:AnyCPU info for assembly: C:\TIARA\UNIVERSIDAD\SEMESTRE 8\TALLER DE DESARROLLO DE SW\TAREAS\proyecto\approach1-APRENDIENDO-FAMILIARIZANDO\backend1\UnitTests\bin\Debug\net6.0\fine-code-coverage\build-output\UnitTests.dll
TpTrace Information: 0 : 29376, 1, 2022/08/18, 21:47:51.013, 6178267184797, vstest.console.dll, Determined platform for source 'C:\TIARA\UNIVERSIDAD\SEMESTRE 8\TALLER DE DESARROLLO DE SW\TAREAS\proyecto\approach1-APRENDIENDO-FAMILIARIZANDO\backend1\UnitTests\bin\Debug\net6.0\fine-code-coverage\build-output\UnitTests.dll' is 'AnyCPU'
TpTrace Information: 0 : 29376, 1, 2022/08/18, 21:47:51.015, 6178267198112, vstest.console.dll, Determined platform for all sources: X64
TpTrace Information: 0 : 29376, 1, 2022/08/18, 21:47:51.015, 6178267198610, vstest.console.dll, Infered platform 'X64'.
TpTrace Information: 0 : 29376, 1, 2022/08/18, 21:47:51.015, 6178267198783, vstest.console.dll, Platform update to 'X64' required.
TpTrace Information: 0 : 29376, 1, 2022/08/18, 21:47:51.016, 6178267215067, vstest.console.dll, Compatible sources list: 
TpTrace Information: 0 : 29376, 1, 2022/08/18, 21:47:51.016, 6178267215487, vstest.console.dll, C:\TIARA\UNIVERSIDAD\SEMESTRE 8\TALLER DE DESARROLLO DE SW\TAREAS\proyecto\approach1-APRENDIENDO-FAMILIARIZANDO\backend1\UnitTests\bin\Debug\net6.0\fine-code-coverage\build-output\UnitTests.dll
TpTrace Information: 0 : 29376, 1, 2022/08/18, 21:47:51.018, 6178267230804, vstest.console.dll, InferRunSettingsHelper.IsTestSettingsEnabled: Unable to navigate to RunSettings/MSTest. Current node: RunSettings
TpTrace Information: 0 : 29376, 1, 2022/08/18, 21:47:51.018, 6178267235149, vstest.console.dll, AssemblyResolver.OnResolve: Microsoft.VisualStudio.TestPlatform.Fakes: Resolving assembly.
TpTrace Information: 0 : 29376, 1, 2022/08/18, 21:47:51.018, 6178267235498, vstest.console.dll, AssemblyResolver.OnResolve: Microsoft.VisualStudio.TestPlatform.Fakes: Searching in: 'C:\Program Files\dotnet\sdk\6.0.303\Extensions'.
TpTrace Information: 0 : 29376, 1, 2022/08/18, 21:47:51.018, 6178267236053, vstest.console.dll, AssemblyResolver.OnResolve: Microsoft.VisualStudio.TestPlatform.Fakes: Assembly path does not exist: 'C:\Program Files\dotnet\sdk\6.0.303\Extensions\Microsoft.VisualStudio.TestPlatform.Fakes.dll', returning.
TpTrace Information: 0 : 29376, 1, 2022/08/18, 21:47:51.018, 6178267236316, vstest.console.dll, AssemblyResolver.OnResolve: Microsoft.VisualStudio.TestPlatform.Fakes: Assembly path does not exist: 'C:\Program Files\dotnet\sdk\6.0.303\Extensions\Microsoft.VisualStudio.TestPlatform.Fakes.exe', returning.
TpTrace Information: 0 : 29376, 1, 2022/08/18, 21:47:51.018, 6178267236483, vstest.console.dll, AssemblyResolver.OnResolve: Microsoft.VisualStudio.TestPlatform.Fakes: Searching in: 'C:\Program Files\dotnet\sdk\6.0.303'.
TpTrace Information: 0 : 29376, 1, 2022/08/18, 21:47:51.018, 6178267236874, vstest.console.dll, AssemblyResolver.OnResolve: Microsoft.VisualStudio.TestPlatform.Fakes: Assembly path does not exist: 'C:\Program Files\dotnet\sdk\6.0.303\Microsoft.VisualStudio.TestPlatform.Fakes.dll', returning.
TpTrace Information: 0 : 29376, 1, 2022/08/18, 21:47:51.018, 6178267237150, vstest.console.dll, AssemblyResolver.OnResolve: Microsoft.VisualStudio.TestPlatform.Fakes: Assembly path does not exist: 'C:\Program Files\dotnet\sdk\6.0.303\Microsoft.VisualStudio.TestPlatform.Fakes.exe', returning.
TpTrace Information: 0 : 29376, 1, 2022/08/18, 21:47:51.018, 6178267237723, vstest.console.dll, AssemblyResolver.OnResolve: Microsoft.VisualStudio.TestPlatform.Fakes: Failed to load assembly.
TpTrace Information: 0 : 29376, 1, 2022/08/18, 21:47:51.019, 6178267239481, vstest.console.dll, Failed to load assembly Microsoft.VisualStudio.TestPlatform.Fakes, Version=17.0.0.0, Culture=neutral. Reason:System.IO.FileNotFoundException: Could not load file or assembly 'Microsoft.VisualStudio.TestPlatform.Fakes, Version=17.0.0.0, Culture=neutral, PublicKeyToken=null'. El sistema no puede encontrar el archivo especificado.
File name: 'Microsoft.VisualStudio.TestPlatform.Fakes, Version=17.0.0.0, Culture=neutral, PublicKeyToken=null'
   at System.Reflection.RuntimeAssembly.InternalLoad(ObjectHandleOnStack assemblyName, ObjectHandleOnStack requestingAssembly, StackCrawlMarkHandle stackMark, Boolean throwOnFileNotFound, ObjectHandleOnStack assemblyLoadContext, ObjectHandleOnStack retAssembly)
   at System.Reflection.RuntimeAssembly.InternalLoad(AssemblyName assemblyName, RuntimeAssembly requestingAssembly, StackCrawlMark& stackMark, Boolean throwOnFileNotFound, AssemblyLoadContext assemblyLoadContext)
   at System.Reflection.Assembly.Load(AssemblyName assemblyRef)
   at Microsoft.VisualStudio.TestPlatform.Common.Utilities.FakesUtilities.LoadTestPlatformAssembly()
TpTrace Verbose: 0 : 29376, 1, 2022/08/18, 21:47:51.021, 6178267263175, vstest.console.dll, TestPluginCache.DiscoverTestExtensions: finding test extensions in assemblies ends with: TestLogger.dll TPluginInfo: Microsoft.VisualStudio.TestPlatform.Common.ExtensionFramework.Utilities.TestLoggerPluginInformation TExtension: Microsoft.VisualStudio.TestPlatform.ObjectModel.Client.ITestLogger
TpTrace Verbose: 0 : 29376, 1, 2022/08/18, 21:47:51.021, 6178267263691, vstest.console.dll, TestPluginCache.GetExtensionPaths: Filtered extension paths: 
TpTrace Verbose: 0 : 29376, 1, 2022/08/18, 21:47:51.021, 6178267263851, vstest.console.dll, TestPluginCache.GetExtensionPaths: Added default extension paths: C:\Program Files\dotnet\sdk\6.0.303\Extensions\DumpMinitool.exe
C:\Program Files\dotnet\sdk\6.0.303\Extensions\DumpMinitool.x86.exe
C:\Program Files\dotnet\sdk\6.0.303\Extensions\Microsoft.Diagnostics.NETCore.Client.dll
C:\Program Files\dotnet\sdk\6.0.303\Extensions\Microsoft.TestPlatform.Extensions.BlameDataCollector.dll
C:\Program Files\dotnet\sdk\6.0.303\Extensions\Microsoft.TestPlatform.Extensions.EventLogCollector.dll
C:\Program Files\dotnet\sdk\6.0.303\Extensions\Microsoft.TestPlatform.TestHostRuntimeProvider.dll
C:\Program Files\dotnet\sdk\6.0.303\Extensions\Microsoft.VisualStudio.TestPlatform.Extensions.Html.TestLogger.dll
C:\Program Files\dotnet\sdk\6.0.303\Extensions\Microsoft.VisualStudio.TestPlatform.Extensions.Trx.TestLogger.dll
TpTrace Verbose: 0 : 29376, 1, 2022/08/18, 21:47:51.021, 6178267264020, vstest.console.dll, TestPluginCache.GetExtensionPaths: Added unfilterableExtensionPaths: 
TpTrace Information: 0 : 29376, 1, 2022/08/18, 21:47:51.021, 6178267264744, vstest.console.dll, AssemblyResolver.AddSearchDirectories: Adding more searchDirectories C:\Program Files\dotnet\sdk\6.0.303\Extensions,C:\Program Files\dotnet\sdk\6.0.303
TpTrace Verbose: 0 : 29376, 1, 2022/08/18, 21:47:51.021, 6178267264970, vstest.console.dll, TestPluginCache.DiscoverTestExtensions: Discovering the extensions using extension path.
TpTrace Verbose: 0 : 29376, 1, 2022/08/18, 21:47:51.021, 6178267265164, vstest.console.dll, TestPluginCache.GetExtensionPaths: Filtered extension paths: 
TpTrace Verbose: 0 : 29376, 1, 2022/08/18, 21:47:51.021, 6178267265290, vstest.console.dll, TestPluginCache.GetExtensionPaths: Added default extension paths: C:\Program Files\dotnet\sdk\6.0.303\Extensions\DumpMinitool.exe
C:\Program Files\dotnet\sdk\6.0.303\Extensions\DumpMinitool.x86.exe
C:\Program Files\dotnet\sdk\6.0.303\Extensions\Microsoft.Diagnostics.NETCore.Client.dll
C:\Program Files\dotnet\sdk\6.0.303\Extensions\Microsoft.TestPlatform.Extensions.BlameDataCollector.dll
C:\Program Files\dotnet\sdk\6.0.303\Extensions\Microsoft.TestPlatform.Extensions.EventLogCollector.dll
C:\Program Files\dotnet\sdk\6.0.303\Extensions\Microsoft.TestPlatform.TestHostRuntimeProvider.dll
C:\Program Files\dotnet\sdk\6.0.303\Extensions\Microsoft.VisualStudio.TestPlatform.Extensions.Html.TestLogger.dll
C:\Program Files\dotnet\sdk\6.0.303\Extensions\Microsoft.VisualStudio.TestPlatform.Extensions.Trx.TestLogger.dll
TpTrace Verbose: 0 : 29376, 1, 2022/08/18, 21:47:51.021, 6178267265482, vstest.console.dll, TestPluginCache.GetExtensionPaths: Added unfilterableExtensionPaths: 
TpTrace Verbose: 0 : 29376, 1, 2022/08/18, 21:47:51.021, 6178267265635, vstest.console.dll, TestPluginCache.DiscoverTestExtensions: Discovering the extensions using allExtensionPaths: C:\Program Files\dotnet\sdk\6.0.303\Extensions\DumpMinitool.exe
C:\Program Files\dotnet\sdk\6.0.303\Extensions\DumpMinitool.x86.exe
C:\Program Files\dotnet\sdk\6.0.303\Extensions\Microsoft.Diagnostics.NETCore.Client.dll
C:\Program Files\dotnet\sdk\6.0.303\Extensions\Microsoft.TestPlatform.Extensions.BlameDataCollector.dll
C:\Program Files\dotnet\sdk\6.0.303\Extensions\Microsoft.TestPlatform.Extensions.EventLogCollector.dll
C:\Program Files\dotnet\sdk\6.0.303\Extensions\Microsoft.TestPlatform.TestHostRuntimeProvider.dll
C:\Program Files\dotnet\sdk\6.0.303\Extensions\Microsoft.VisualStudio.TestPlatform.Extensions.Html.TestLogger.dll
C:\Program Files\dotnet\sdk\6.0.303\Extensions\Microsoft.VisualStudio.TestPlatform.Extensions.Trx.TestLogger.dll
TpTrace Information: 0 : 29376, 1, 2022/08/18, 21:47:51.021, 6178267265866, vstest.console.dll, AssemblyResolver.AddSearchDirectories: Adding more searchDirectories C:\Program Files\dotnet\sdk\6.0.303\Extensions,C:\Program Files\dotnet\sdk\6.0.303
TpTrace Information: 0 : 29376, 1, 2022/08/18, 21:47:51.021, 6178267266013, vstest.console.dll, AssemblyResolver.AddSearchDirectories: Adding more searchDirectories C:\Program Files\dotnet\sdk\6.0.303\Extensions,C:\Program Files\dotnet\sdk\6.0.303
TpTrace Information: 0 : 29376, 1, 2022/08/18, 21:47:51.021, 6178267266159, vstest.console.dll, AssemblyResolver.AddSearchDirectories: Adding more searchDirectories C:\Program Files\dotnet\sdk\6.0.303\Extensions,C:\Program Files\dotnet\sdk\6.0.303
TpTrace Information: 0 : 29376, 1, 2022/08/18, 21:47:51.021, 6178267266366, vstest.console.dll, AssemblyResolver.AddSearchDirectories: Adding more searchDirectories C:\Program Files\dotnet\sdk\6.0.303\Extensions,C:\Program Files\dotnet\sdk\6.0.303
TpTrace Information: 0 : 29376, 1, 2022/08/18, 21:47:51.021, 6178267266499, vstest.console.dll, AssemblyResolver.AddSearchDirectories: Adding more searchDirectories C:\Program Files\dotnet\sdk\6.0.303\Extensions,C:\Program Files\dotnet\sdk\6.0.303
TpTrace Information: 0 : 29376, 1, 2022/08/18, 21:47:51.021, 6178267266629, vstest.console.dll, AssemblyResolver.AddSearchDirectories: Adding more searchDirectories C:\Program Files\dotnet\sdk\6.0.303\Extensions,C:\Program Files\dotnet\sdk\6.0.303
TpTrace Information: 0 : 29376, 1, 2022/08/18, 21:47:51.021, 6178267266803, vstest.console.dll, AssemblyResolver.AddSearchDirectories: Adding more searchDirectories C:\Program Files\dotnet\sdk\6.0.303\Extensions,C:\Program Files\dotnet\sdk\6.0.303
TpTrace Information: 0 : 29376, 1, 2022/08/18, 21:47:51.021, 6178267266968, vstest.console.dll, AssemblyResolver.AddSearchDirectories: Adding more searchDirectories C:\Program Files\dotnet\sdk\6.0.303\Extensions,C:\Program Files\dotnet\sdk\6.0.303
TpTrace Verbose: 0 : 29376, 1, 2022/08/18, 21:47:51.021, 6178267267694, vstest.console.dll, MetadataReaderExtensionsHelper: Discovering extensions inside assembly 'DumpMinitool, Version=15.0.0.0, Culture=neutral, PublicKeyToken=b03f5f7f11d50a3a' file path 'C:\Program Files\dotnet\sdk\6.0.303\Extensions\DumpMinitool.exe'
TpTrace Verbose: 0 : 29376, 1, 2022/08/18, 21:47:51.022, 6178267273160, vstest.console.dll, MetadataReaderExtensionsHelper: Discovering extensions inside assembly 'DumpMinitool.x86, Version=15.0.0.0, Culture=neutral, PublicKeyToken=b03f5f7f11d50a3a' file path 'C:\Program Files\dotnet\sdk\6.0.303\Extensions\DumpMinitool.x86.exe'
TpTrace Verbose: 0 : 29376, 1, 2022/08/18, 21:47:51.022, 6178267276625, vstest.console.dll, MetadataReaderExtensionsHelper: Discovering extensions inside assembly 'Microsoft.Diagnostics.NETCore.Client, Version=0.2.5.801, Culture=neutral, PublicKeyToken=31bf3856ad364e35' file path 'C:\Program Files\dotnet\sdk\6.0.303\Extensions\Microsoft.Diagnostics.NETCore.Client.dll'
TpTrace Information: 0 : 29376, 1, 2022/08/18, 21:47:51.023, 6178267280172, vstest.console.dll, AssemblyResolver.OnResolve: Microsoft.Bcl.AsyncInterfaces: Resolving assembly.
TpTrace Information: 0 : 29376, 1, 2022/08/18, 21:47:51.023, 6178267280424, vstest.console.dll, AssemblyResolver.OnResolve: Microsoft.Bcl.AsyncInterfaces: Resolved from cache.
TpTrace Verbose: 0 : 29376, 1, 2022/08/18, 21:47:51.023, 6178267280594, vstest.console.dll, CurrentDomainAssemblyResolve: Resolving assembly 'Microsoft.Bcl.AsyncInterfaces'.
TpTrace Information: 0 : 29376, 1, 2022/08/18, 21:47:51.023, 6178267280820, vstest.console.dll, AssemblyResolver.OnResolve: Microsoft.Bcl.AsyncInterfaces: Resolving assembly.
TpTrace Information: 0 : 29376, 1, 2022/08/18, 21:47:51.023, 6178267280954, vstest.console.dll, AssemblyResolver.OnResolve: Microsoft.Bcl.AsyncInterfaces: Resolved from cache.
TpTrace Verbose: 0 : 29376, 1, 2022/08/18, 21:47:51.023, 6178267281166, vstest.console.dll, CurrentDomainAssemblyResolve: Resolving assembly 'Microsoft.Bcl.AsyncInterfaces'.
TpTrace Verbose: 0 : 29376, 1, 2022/08/18, 21:47:51.023, 6178267281338, vstest.console.dll, CurrentDomainAssemblyResolve: Failed to resolve assembly 'Microsoft.Bcl.AsyncInterfaces'.
TpTrace Verbose: 0 : 29376, 1, 2022/08/18, 21:47:51.023, 6178267282278, vstest.console.dll, CurrentDomainAssemblyResolve: Failed to resolve assembly 'Microsoft.Bcl.AsyncInterfaces'.
TpTrace Warning: 0 : 29376, 1, 2022/08/18, 21:47:51.023, 6178267284387, vstest.console.dll, TestPluginDiscoverer: Failed to get types from assembly 'Microsoft.Diagnostics.NETCore.Client, Version=0.2.5.801, Culture=neutral, PublicKeyToken=31bf3856ad364e35'. Error: System.Reflection.ReflectionTypeLoadException: Unable to load one or more of the requested types.
Could not load file or assembly 'Microsoft.Bcl.AsyncInterfaces, Version=1.0.0.0, Culture=neutral, PublicKeyToken=cc7b13ffcd2ddd51'. El sistema no puede encontrar el archivo especificado.
   at System.Reflection.RuntimeModule.GetTypes(RuntimeModule module)
   at System.Reflection.Assembly.GetTypes()
   at Microsoft.VisualStudio.TestPlatform.Common.ExtensionFramework.TestPluginDiscoverer.GetTestExtensionsFromAssembly[TPluginInfo,TExtension](Assembly assembly, Dictionary`2 pluginInfos, String filePath)
System.IO.FileNotFoundException: Could not load file or assembly 'Microsoft.Bcl.AsyncInterfaces, Version=1.0.0.0, Culture=neutral, PublicKeyToken=cc7b13ffcd2ddd51'. El sistema no puede encontrar el archivo especificado.
File name: 'Microsoft.Bcl.AsyncInterfaces, Version=1.0.0.0, Culture=neutral, PublicKeyToken=cc7b13ffcd2ddd51'
 ---> System.IO.FileNotFoundException: Could not load file or assembly 'Microsoft.Bcl.AsyncInterfaces, Culture=neutral, PublicKeyToken=null'. El sistema no puede encontrar el archivo especificado.
File name: 'Microsoft.Bcl.AsyncInterfaces, Culture=neutral, PublicKeyToken=null'
   at System.Reflection.RuntimeAssembly.InternalLoad(ObjectHandleOnStack assemblyName, ObjectHandleOnStack requestingAssembly, StackCrawlMarkHandle stackMark, Boolean throwOnFileNotFound, ObjectHandleOnStack assemblyLoadContext, ObjectHandleOnStack retAssembly)
   at System.Reflection.RuntimeAssembly.InternalLoad(AssemblyName assemblyName, RuntimeAssembly requestingAssembly, StackCrawlMark& stackMark, Boolean throwOnFileNotFound, AssemblyLoadContext assemblyLoadContext)
   at System.Reflection.Assembly.Load(AssemblyName assemblyRef)
   at Microsoft.VisualStudio.TestPlatform.Common.ExtensionFramework.TestPluginCache.CurrentDomainAssemblyResolve(Object sender, AssemblyResolveEventArgs args)
   at Microsoft.VisualStudio.TestPlatform.PlatformAbstractions.PlatformAssemblyResolver.AssemblyResolverEvent(Object sender, Object eventArgs)
   at System.Runtime.Loader.AssemblyLoadContext.GetFirstResolvedAssemblyFromResolvingEvent(AssemblyName assemblyName)
   at System.Runtime.Loader.AssemblyLoadContext.ResolveUsingEvent(AssemblyName assemblyName)
   at System.Runtime.Loader.AssemblyLoadContext.ResolveUsingResolvingEvent(IntPtr gchManagedAssemblyLoadContext, AssemblyName assemblyName)
TpTrace Warning: 0 : 29376, 1, 2022/08/18, 21:47:51.023, 6178267285374, vstest.console.dll, LoaderExceptions: System.IO.FileNotFoundException: Could not load file or assembly 'Microsoft.Bcl.AsyncInterfaces, Version=1.0.0.0, Culture=neutral, PublicKeyToken=cc7b13ffcd2ddd51'. El sistema no puede encontrar el archivo especificado.
File name: 'Microsoft.Bcl.AsyncInterfaces, Version=1.0.0.0, Culture=neutral, PublicKeyToken=cc7b13ffcd2ddd51'
 ---> System.IO.FileNotFoundException: Could not load file or assembly 'Microsoft.Bcl.AsyncInterfaces, Culture=neutral, PublicKeyToken=null'. El sistema no puede encontrar el archivo especificado.
File name: 'Microsoft.Bcl.AsyncInterfaces, Culture=neutral, PublicKeyToken=null'
   at System.Reflection.RuntimeAssembly.InternalLoad(ObjectHandleOnStack assemblyName, ObjectHandleOnStack requestingAssembly, StackCrawlMarkHandle stackMark, Boolean throwOnFileNotFound, ObjectHandleOnStack assemblyLoadContext, ObjectHandleOnStack retAssembly)
   at System.Reflection.RuntimeAssembly.InternalLoad(AssemblyName assemblyName, RuntimeAssembly requestingAssembly, StackCrawlMark& stackMark, Boolean throwOnFileNotFound, AssemblyLoadContext assemblyLoadContext)
   at System.Reflection.Assembly.Load(AssemblyName assemblyRef)
   at Microsoft.VisualStudio.TestPlatform.Common.ExtensionFramework.TestPluginCache.CurrentDomainAssemblyResolve(Object sender, AssemblyResolveEventArgs args)
   at Microsoft.VisualStudio.TestPlatform.PlatformAbstractions.PlatformAssemblyResolver.AssemblyResolverEvent(Object sender, Object eventArgs)
   at System.Runtime.Loader.AssemblyLoadContext.GetFirstResolvedAssemblyFromResolvingEvent(AssemblyName assemblyName)
   at System.Runtime.Loader.AssemblyLoadContext.ResolveUsingEvent(AssemblyName assemblyName)
   at System.Runtime.Loader.AssemblyLoadContext.ResolveUsingResolvingEvent(IntPtr gchManagedAssemblyLoadContext, AssemblyName assemblyName)
TpTrace Verbose: 0 : 29376, 1, 2022/08/18, 21:47:51.023, 6178267285877, vstest.console.dll, MetadataReaderExtensionsHelper: Discovering extensions inside assembly 'Microsoft.TestPlatform.Extensions.BlameDataCollector, Version=15.0.0.0, Culture=neutral, PublicKeyToken=b03f5f7f11d50a3a' file path 'C:\Program Files\dotnet\sdk\6.0.303\Extensions\Microsoft.TestPlatform.Extensions.BlameDataCollector.dll'
TpTrace Information: 0 : 29376, 1, 2022/08/18, 21:47:51.024, 6178267290336, vstest.console.dll, GetTestExtensionFromType: Register extension with identifier data 'logger://Microsoft/TestPlatform/Extensions/Blame/v1' and type 'Microsoft.TestPlatform.Extensions.BlameDataCollector.BlameLogger, Microsoft.TestPlatform.Extensions.BlameDataCollector, Version=15.0.0.0, Culture=neutral, PublicKeyToken=b03f5f7f11d50a3a' inside file 'C:\Program Files\dotnet\sdk\6.0.303\Extensions\Microsoft.TestPlatform.Extensions.BlameDataCollector.dll'
TpTrace Verbose: 0 : 29376, 1, 2022/08/18, 21:47:51.024, 6178267290735, vstest.console.dll, MetadataReaderExtensionsHelper: Discovering extensions inside assembly 'Microsoft.TestPlatform.Extensions.EventLogCollector, Version=15.0.0.0, Culture=neutral, PublicKeyToken=b03f5f7f11d50a3a' file path 'C:\Program Files\dotnet\sdk\6.0.303\Extensions\Microsoft.TestPlatform.Extensions.EventLogCollector.dll'
TpTrace Verbose: 0 : 29376, 1, 2022/08/18, 21:47:51.024, 6178267294222, vstest.console.dll, MetadataReaderExtensionsHelper: Discovering extensions inside assembly 'Microsoft.TestPlatform.TestHostRuntimeProvider, Version=15.0.0.0, Culture=neutral, PublicKeyToken=b03f5f7f11d50a3a' file path 'C:\Program Files\dotnet\sdk\6.0.303\Extensions\Microsoft.TestPlatform.TestHostRuntimeProvider.dll'
TpTrace Verbose: 0 : 29376, 1, 2022/08/18, 21:47:51.024, 6178267297187, vstest.console.dll, MetadataReaderExtensionsHelper: Discovering extensions inside assembly 'Microsoft.VisualStudio.TestPlatform.Extensions.Html.TestLogger, Version=15.0.0.0, Culture=neutral, PublicKeyToken=b03f5f7f11d50a3a' file path 'C:\Program Files\dotnet\sdk\6.0.303\Extensions\Microsoft.VisualStudio.TestPlatform.Extensions.Html.TestLogger.dll'
TpTrace Information: 0 : 29376, 1, 2022/08/18, 21:47:51.025, 6178267300194, vstest.console.dll, GetTestExtensionFromType: Register extension with identifier data 'logger://Microsoft/TestPlatform/HtmlLogger/v1' and type 'Microsoft.VisualStudio.TestPlatform.Extensions.HtmlLogger.HtmlLogger, Microsoft.VisualStudio.TestPlatform.Extensions.Html.TestLogger, Version=15.0.0.0, Culture=neutral, PublicKeyToken=b03f5f7f11d50a3a' inside file 'C:\Program Files\dotnet\sdk\6.0.303\Extensions\Microsoft.VisualStudio.TestPlatform.Extensions.Html.TestLogger.dll'
TpTrace Verbose: 0 : 29376, 1, 2022/08/18, 21:47:51.025, 6178267300569, vstest.console.dll, MetadataReaderExtensionsHelper: Discovering extensions inside assembly 'Microsoft.VisualStudio.TestPlatform.Extensions.Trx.TestLogger, Version=15.0.0.0, Culture=neutral, PublicKeyToken=b03f5f7f11d50a3a' file path 'C:\Program Files\dotnet\sdk\6.0.303\Extensions\Microsoft.VisualStudio.TestPlatform.Extensions.Trx.TestLogger.dll'
TpTrace Information: 0 : 29376, 1, 2022/08/18, 21:47:51.025, 6178267304289, vstest.console.dll, GetTestExtensionFromType: Register extension with identifier data 'logger://Microsoft/TestPlatform/TrxLogger/v1' and type 'Microsoft.VisualStudio.TestPlatform.Extensions.TrxLogger.TrxLogger, Microsoft.VisualStudio.TestPlatform.Extensions.Trx.TestLogger, Version=15.0.0.0, Culture=neutral, PublicKeyToken=b03f5f7f11d50a3a' inside file 'C:\Program Files\dotnet\sdk\6.0.303\Extensions\Microsoft.VisualStudio.TestPlatform.Extensions.Trx.TestLogger.dll'
TpTrace Verbose: 0 : 29376, 1, 2022/08/18, 21:47:51.025, 6178267304684, vstest.console.dll, TestPluginCache: Discovered the extensions using extension path ''.
TpTrace Verbose: 0 : 29376, 1, 2022/08/18, 21:47:51.025, 6178267304826, vstest.console.dll, TestPluginCache: Discoverers are ''.
TpTrace Verbose: 0 : 29376, 1, 2022/08/18, 21:47:51.025, 6178267304944, vstest.console.dll, TestPluginCache: Executors are ''.
TpTrace Verbose: 0 : 29376, 1, 2022/08/18, 21:47:51.025, 6178267305057, vstest.console.dll, TestPluginCache: Executors2 are ''.
TpTrace Verbose: 0 : 29376, 1, 2022/08/18, 21:47:51.025, 6178267305170, vstest.console.dll, TestPluginCache: Setting providers are ''.
TpTrace Verbose: 0 : 29376, 1, 2022/08/18, 21:47:51.025, 6178267305585, vstest.console.dll, TestPluginCache: Loggers are 'logger://Microsoft/TestPlatform/Extensions/Blame/v1,logger://Microsoft/TestPlatform/HtmlLogger/v1,logger://Microsoft/TestPlatform/TrxLogger/v1'.
TpTrace Verbose: 0 : 29376, 1, 2022/08/18, 21:47:51.025, 6178267305796, vstest.console.dll, TestPluginCache: TestHosts are 'HostProvider://DefaultTestHost,HostProvider://DotnetTestHost'.
TpTrace Verbose: 0 : 29376, 1, 2022/08/18, 21:47:51.025, 6178267306023, vstest.console.dll, TestPluginCache: DataCollectors are ''.
TpTrace Information: 0 : 29376, 1, 2022/08/18, 21:47:51.026, 6178267310152, vstest.console.dll, TestPluginManager.CreateTestExtension: Attempting to load test extension: Microsoft.TestPlatform.Extensions.BlameDataCollector.BlameLogger
TpTrace Information: 0 : 29376, 1, 2022/08/18, 21:47:51.029, 6178267341975, vstest.console.dll, TestPluginManager.CreateTestExtension: Attempting to load test extension: Microsoft.VisualStudio.TestPlatform.CrossPlatEngine.Hosting.DefaultTestHostManager
TpTrace Information: 0 : 29376, 1, 2022/08/18, 21:47:51.030, 6178267348109, vstest.console.dll, TestPluginManager.CreateTestExtension: Attempting to load test extension: Microsoft.VisualStudio.TestPlatform.CrossPlatEngine.Hosting.DotnetTestHostManager
TpTrace Verbose: 0 : 29376, 1, 2022/08/18, 21:47:51.030, 6178267352406, vstest.console.dll, TestEngine: Initializing Parallel Execution as MaxCpuCount is set to: 1
TpTrace Information: 0 : 29376, 1, 2022/08/18, 21:47:51.030, 6178267356266, vstest.console.dll, InferRunSettingsHelper.IsTestSettingsEnabled: Unable to navigate to RunSettings/MSTest. Current node: RunSettings
TpTrace Verbose: 0 : 29376, 1, 2022/08/18, 21:47:51.031, 6178267363027, vstest.console.dll, TestRequestSender is acting as server.
TpTrace Verbose: 0 : 29376, 1, 2022/08/18, 21:47:51.032, 6178267370117, vstest.console.dll, TestEngine.GetExecutionManager: Chosen execution manager 'Microsoft.VisualStudio.TestPlatform.CrossPlatEngine.Client.Parallel.ParallelProxyExecutionManager, Microsoft.TestPlatform.CrossPlatEngine, Version=15.0.0.0, Culture=neutral, PublicKeyToken=b03f5f7f11d50a3a' ParallelLevel '1' Shared host 'False'
TpTrace Verbose: 0 : 29376, 5, 2022/08/18, 21:47:51.034, 6178267389907, vstest.console.dll, DataCollectionRequestSender.InitializeCommunication : Initialize communication. 
TpTrace Information: 0 : 29376, 5, 2022/08/18, 21:47:51.037, 6178267424232, vstest.console.dll, Listening on Endpoint : 127.0.0.1:57315
TpTrace Verbose: 0 : 29376, 5, 2022/08/18, 21:47:51.041, 6178267466633, vstest.console.dll, DotnetDataCollectionLauncher: Full path of dotnet.exe is C:\Program Files\dotnet\dotnet.exe
TpTrace Verbose: 0 : 29376, 5, 2022/08/18, 21:47:51.041, 6178267467666, vstest.console.dll, DotnetDataCollectionLauncher: Adding  --runtimeconfig "C:\Program Files\dotnet\sdk\6.0.303\datacollector.runtimeconfig.json" in args
TpTrace Verbose: 0 : 29376, 5, 2022/08/18, 21:47:51.042, 6178267468038, vstest.console.dll, DotnetDataCollectionLauncher: Adding  --depsfile "C:\Program Files\dotnet\sdk\6.0.303\datacollector.deps.json" in args
TpTrace Information: 0 : 29376, 5, 2022/08/18, 21:47:51.048, 6178267534636, vstest.console.dll, ProxyDataCollectionManager.Initialize: Launched datacollector processId: 19492 port: 57315
TpTrace Information: 0 : 29376, 5, 2022/08/18, 21:47:51.048, 6178267536159, vstest.console.dll, ProxyDataCollectionManager.Initialize: waiting for connection with timeout: 90 seconds
TpTrace Verbose: 0 : 29376, 5, 2022/08/18, 21:47:51.048, 6178267536511, vstest.console.dll, DataCollectionRequestSender.WaitForRequestHandlerConnection : Waiting for connection with timeout: 90000
TpTrace Information: 0 : 29376, 8, 2022/08/18, 21:47:51.152, 6178268574630, vstest.console.dll, Using the buffer size of 16384 bytes
TpTrace Verbose: 0 : 29376, 5, 2022/08/18, 21:47:51.152, 6178268574832, vstest.console.dll, SocketCommunicationManager.WaitForClientConnection took: 103 ms, with 90000 ms timeout, and finished with True.
TpTrace Information: 0 : 29376, 8, 2022/08/18, 21:47:51.152, 6178268575747, vstest.console.dll, Accepted Client request and set the flag
TpTrace Verbose: 0 : 29376, 5, 2022/08/18, 21:47:51.152, 6178268576900, vstest.console.dll, ProxyDataCollectionManager.InvokeDataCollectionServiceAction: Starting.
TpTrace Information: 0 : 29376, 5, 2022/08/18, 21:47:51.153, 6178268578553, vstest.console.dll, ProxyDataCollectionManager.BeforeTestRunStart: Get environment variable and port for datacollector processId: 19492 port: 57315
TpTrace Verbose: 0 : 29376, 5, 2022/08/18, 21:47:51.153, 6178268579416, vstest.console.dll, DataCollectionRequestSender.SendBeforeTestRunStartAndGetResult: Send BeforeTestRunStart message with settingsXml <RunSettings><RunConfiguration><ResultsDirectory>C:\TIARA\UNIVERSIDAD\SEMESTRE 8\TALLER DE DESARROLLO DE SW\TAREAS\proyecto\approach1-APRENDIENDO-FAMILIARIZANDO\backend1\UnitTests\bin\Debug\net6.0\fine-code-coverage\coverage-tool-output</ResultsDirectory><TargetPlatform>X64</TargetPlatform><TargetFrameworkVersion>.NETCoreApp,Version=v6.0</TargetFrameworkVersion><DesignMode>False</DesignMode><CollectSourceInformation>False</CollectSourceInformation><TestAdaptersPaths>C:\Program Files\dotnet\sdk\6.0.303\Extensions</TestAdaptersPaths></RunConfiguration><LoggerRunSettings><Loggers><Logger friendlyName="blame" enabled="True" /><Logger friendlyName="Console" uri="logger://microsoft/TestPlatform/ConsoleLogger/v1" assemblyQualifiedName="Microsoft.VisualStudio.TestPlatform.CommandLine.Internal.ConsoleLogger, vstest.console, Version=15.0.0.0, Culture=neutral, PublicKeyToken=b03f5f7f11d50a3a" codeBase="C:\Program Files\dotnet\sdk\6.0.303\vstest.console.dll" enabled="True" /></Loggers></LoggerRunSettings><DataCollectionRunSettings><DataCollectors><DataCollector friendlyName="blame" enabled="True"><Configuration><ResultsDirectory>C:\TIARA\UNIVERSIDAD\SEMESTRE 8\TALLER DE DESARROLLO DE SW\TAREAS\proyecto\approach1-APRENDIENDO-FAMILIARIZANDO\backend1\UnitTests\bin\Debug\net6.0\fine-code-coverage\coverage-tool-output</ResultsDirectory></Configuration></DataCollector></DataCollectors></DataCollectionRunSettings></RunSettings> and sources System.Linq.Enumerable+Concat2Iterator`1[System.String]: 
TpTrace Verbose: 0 : 29376, 5, 2022/08/18, 21:47:51.199, 6178269039408, vstest.console.dll, DataCollectionRequestSender.SendBeforeTestRunStartAndGetResult: Received message: (DataCollection.SendMessage) -> {
  "FriendlyName": null,
  "Uri": null,
  "TestCaseId": "00000000-0000-0000-0000-000000000000",
  "Message": "Logging DataCollector Diagnostics in file: C:\\TIARA\\UNIVERSIDAD\\SEMESTRE 8\\TALLER DE DESARROLLO DE SW\\TAREAS\\proyecto\\approach1-APRENDIENDO-FAMILIARIZANDO\\backend1\\UnitTests\\bin\\Debug\\net6.0\\fine-code-coverage\\coverage-tool-output\\diagnostics.datacollector.22-08-18_21-47-51_04169_5.log",
  "Level": 0
}
TpTrace Information: 0 : 29376, 5, 2022/08/18, 21:47:51.203, 6178269083291, vstest.console.dll, AssemblyResolver.OnResolve: Microsoft.VisualStudio.TestPlatform.Common.resources: Resolving assembly.
TpTrace Information: 0 : 29376, 5, 2022/08/18, 21:47:51.203, 6178269084015, vstest.console.dll, AssemblyResolver.OnResolve: Microsoft.VisualStudio.TestPlatform.Common.resources: Searching in: 'C:\Program Files\dotnet\sdk\6.0.303\Extensions'.
TpTrace Information: 0 : 29376, 5, 2022/08/18, 21:47:51.203, 6178269084359, vstest.console.dll, AssemblyResolver.OnResolve: Microsoft.VisualStudio.TestPlatform.Common.resources: Assembly path does not exist: 'C:\Program Files\dotnet\sdk\6.0.303\Extensions\Microsoft.VisualStudio.TestPlatform.Common.resources.dll', returning.
TpTrace Information: 0 : 29376, 5, 2022/08/18, 21:47:51.203, 6178269084666, vstest.console.dll, AssemblyResolver.OnResolve: Microsoft.VisualStudio.TestPlatform.Common.resources: Assembly path does not exist: 'C:\Program Files\dotnet\sdk\6.0.303\Extensions\Microsoft.VisualStudio.TestPlatform.Common.resources.exe', returning.
TpTrace Information: 0 : 29376, 5, 2022/08/18, 21:47:51.203, 6178269084805, vstest.console.dll, AssemblyResolver.OnResolve: Microsoft.VisualStudio.TestPlatform.Common.resources: Searching in: 'C:\Program Files\dotnet\sdk\6.0.303'.
TpTrace Information: 0 : 29376, 5, 2022/08/18, 21:47:51.203, 6178269085073, vstest.console.dll, AssemblyResolver.OnResolve: Microsoft.VisualStudio.TestPlatform.Common.resources: Assembly path does not exist: 'C:\Program Files\dotnet\sdk\6.0.303\Microsoft.VisualStudio.TestPlatform.Common.resources.dll', returning.
TpTrace Information: 0 : 29376, 5, 2022/08/18, 21:47:51.203, 6178269085297, vstest.console.dll, AssemblyResolver.OnResolve: Microsoft.VisualStudio.TestPlatform.Common.resources: Assembly path does not exist: 'C:\Program Files\dotnet\sdk\6.0.303\Microsoft.VisualStudio.TestPlatform.Common.resources.exe', returning.
TpTrace Information: 0 : 29376, 5, 2022/08/18, 21:47:51.203, 6178269085452, vstest.console.dll, AssemblyResolver.OnResolve: Microsoft.VisualStudio.TestPlatform.Common.resources: Failed to load assembly.
TpTrace Verbose: 0 : 29376, 5, 2022/08/18, 21:47:51.254, 6178269590539, vstest.console.dll, DataCollectionRequestSender.SendBeforeTestRunStartAndGetResult: Received message: (DataCollection.BeforeTestRunStartResult) -> {
  "EnvironmentVariables": {},
  "DataCollectionEventsPort": 57318
}
TpTrace Information: 0 : 29376, 5, 2022/08/18, 21:47:51.258, 6178269630526, vstest.console.dll, ProxyDataCollectionManager.BeforeTestRunStart: SendBeforeTestRunStartAndGetResult successful, env variable from datacollector:   and testhost port: 57318
TpTrace Information: 0 : 29376, 5, 2022/08/18, 21:47:51.258, 6178269631431, vstest.console.dll, ProxyDataCollectionManager.InvokeDataCollectionServiceAction: Completed.
TpTrace Verbose: 0 : 29376, 1, 2022/08/18, 21:47:51.258, 6178269632716, vstest.console.dll, TestRunRequest.ExecuteAsync: Creating test run request.
TpTrace Verbose: 0 : 29376, 1, 2022/08/18, 21:47:51.258, 6178269634654, vstest.console.dll, TestRunRequest.ExecuteAsync: Starting.
TpTrace Information: 0 : 29376, 1, 2022/08/18, 21:47:51.258, 6178269637011, vstest.console.dll, TestRunRequest.ExecuteAsync: Starting run with settings:TestRunCriteria:
   KeepAlive=False,FrequencyOfRunStatsChangeEvent=10,RunStatsChangeEventTimeout=00:00:01.5000000,TestCaseFilter=,TestExecutorLauncher=
   Settingsxml=<RunSettings>
  <RunConfiguration>
    <ResultsDirectory>C:\TIARA\UNIVERSIDAD\SEMESTRE 8\TALLER DE DESARROLLO DE SW\TAREAS\proyecto\approach1-APRENDIENDO-FAMILIARIZANDO\backend1\UnitTests\bin\Debug\net6.0\fine-code-coverage\coverage-tool-output</ResultsDirectory>
    <TargetPlatform>X64</TargetPlatform>
    <TargetFrameworkVersion>.NETCoreApp,Version=v6.0</TargetFrameworkVersion>
    <DesignMode>False</DesignMode>
    <CollectSourceInformation>False</CollectSourceInformation>
  </RunConfiguration>
  <LoggerRunSettings>
    <Loggers>
      <Logger friendlyName="blame" enabled="True" />
      <Logger friendlyName="Console" uri="logger://microsoft/TestPlatform/ConsoleLogger/v1" assemblyQualifiedName="Microsoft.VisualStudio.TestPlatform.CommandLine.Internal.ConsoleLogger, vstest.console, Version=15.0.0.0, Culture=neutral, PublicKeyToken=b03f5f7f11d50a3a" codeBase="C:\Program Files\dotnet\sdk\6.0.303\vstest.console.dll" enabled="True" />
    </Loggers>
  </LoggerRunSettings>
  <DataCollectionRunSettings>
    <DataCollectors>
      <DataCollector friendlyName="blame" enabled="True">
        <Configuration>
          <ResultsDirectory>C:\TIARA\UNIVERSIDAD\SEMESTRE 8\TALLER DE DESARROLLO DE SW\TAREAS\proyecto\approach1-APRENDIENDO-FAMILIARIZANDO\backend1\UnitTests\bin\Debug\net6.0\fine-code-coverage\coverage-tool-output</ResultsDirectory>
        </Configuration>
      </DataCollector>
    </DataCollectors>
  </DataCollectionRunSettings>
</RunSettings>

TpTrace Verbose: 0 : 29376, 1, 2022/08/18, 21:47:51.258, 6178269637320, vstest.console.dll, TestRunRequest.ExecuteAsync: Wait for the first run request is over.
TpTrace Verbose: 0 : 29376, 1, 2022/08/18, 21:47:51.259, 6178269639374, vstest.console.dll, MulticastDelegateUtilities.SafeInvoke: TestRun.TestRunStart: Invoking callbacks was skipped because there are no subscribers.
TpTrace Verbose: 0 : 29376, 1, 2022/08/18, 21:47:51.259, 6178269640601, vstest.console.dll, ParallelProxyExecutionManager: Start execution. Total sources: 1
TpTrace Verbose: 0 : 29376, 4, 2022/08/18, 21:47:51.259, 6178269642091, vstest.console.dll, MulticastDelegateUtilities.SafeInvoke: InternalTestLoggerEvents.SendTestRunStart: Invoking callback 1/1 for Microsoft.VisualStudio.TestPlatform.CommandLine.Internal.ConsoleLogger.TestRunStartHandler, took 0 ms.
TpTrace Information: 0 : 29376, 1, 2022/08/18, 21:47:51.259, 6178269645295, vstest.console.dll, ProxyParallelExecutionManager: Triggering test run for next source: C:\TIARA\UNIVERSIDAD\SEMESTRE 8\TALLER DE DESARROLLO DE SW\TAREAS\proyecto\approach1-APRENDIENDO-FAMILIARIZANDO\backend1\UnitTests\bin\Debug\net6.0\fine-code-coverage\build-output\UnitTests.dll
TpTrace Verbose: 0 : 29376, 5, 2022/08/18, 21:47:51.259, 6178269646490, vstest.console.dll, ParallelProxyExecutionManager: Execution started. Started clients: 1
TpTrace Verbose: 0 : 29376, 1, 2022/08/18, 21:47:51.259, 6178269646638, vstest.console.dll, ProxyParallelExecutionManager: No sources available for execution.
TpTrace Information: 0 : 29376, 1, 2022/08/18, 21:47:51.259, 6178269647234, vstest.console.dll, TestRunRequest.ExecuteAsync: Started.
TpTrace Verbose: 0 : 29376, 1, 2022/08/18, 21:47:51.259, 6178269647622, vstest.console.dll, TestRunRequest.WaitForCompletion: Waiting with timeout -1.
TpTrace Verbose: 0 : 29376, 5, 2022/08/18, 21:47:51.260, 6178269648717, vstest.console.dll, TestRunRequest:SendTestRunMessage: Starting.
TpTrace Verbose: 0 : 29376, 5, 2022/08/18, 21:47:51.260, 6178269649627, vstest.console.dll, MulticastDelegateUtilities.SafeInvoke: TestRun.LogMessages: Invoking callback 1/1 for Microsoft.VisualStudio.TestPlatform.CommandLine.TestRunResultAggregator.TestRunMessageHandler, took 0 ms.
TpTrace Verbose: 0 : 29376, 4, 2022/08/18, 21:47:51.260, 6178269649648, vstest.console.dll, MulticastDelegateUtilities.SafeInvoke: InternalTestLoggerEvents.SendTestRunMessage: Invoking callback 1/1 for Microsoft.VisualStudio.TestPlatform.CommandLine.Internal.ConsoleLogger.TestMessageHandler, took 0 ms.
TpTrace Information: 0 : 29376, 5, 2022/08/18, 21:47:51.260, 6178269650299, vstest.console.dll, TestRunRequest:SendTestRunMessage: Completed.
TpTrace Verbose: 0 : 29376, 5, 2022/08/18, 21:47:51.260, 6178269653383, vstest.console.dll, ProxyExecutionManager: Test host is always Lazy initialize.
TpTrace Verbose: 0 : 29376, 5, 2022/08/18, 21:47:51.260, 6178269654897, vstest.console.dll, TestRequestSender.InitializeCommunication: initialize communication. 
TpTrace Information: 0 : 29376, 5, 2022/08/18, 21:47:51.261, 6178269659355, vstest.console.dll, SocketServer.Start: Listening on endpoint : 127.0.0.1:57319
TpTrace Verbose: 0 : 29376, 5, 2022/08/18, 21:47:51.261, 6178269664192, vstest.console.dll, DotnetTestHostmanager.GetTestHostProcessStartInfo: Platform environment 'X64' target architecture 'X64' framework '.NETCoreApp,Version=v6.0' OS 'Windows'
TpTrace Verbose: 0 : 29376, 5, 2022/08/18, 21:47:51.261, 6178269665601, vstest.console.dll, DotnetTestHostmanager: Adding  --runtimeconfig "C:\TIARA\UNIVERSIDAD\SEMESTRE 8\TALLER DE DESARROLLO DE SW\TAREAS\proyecto\approach1-APRENDIENDO-FAMILIARIZANDO\backend1\UnitTests\bin\Debug\net6.0\fine-code-coverage\build-output\UnitTests.runtimeconfig.json" in args
TpTrace Verbose: 0 : 29376, 5, 2022/08/18, 21:47:51.261, 6178269666014, vstest.console.dll, DotnetTestHostmanager: Adding  --depsfile "C:\TIARA\UNIVERSIDAD\SEMESTRE 8\TALLER DE DESARROLLO DE SW\TAREAS\proyecto\approach1-APRENDIENDO-FAMILIARIZANDO\backend1\UnitTests\bin\Debug\net6.0\fine-code-coverage\build-output\UnitTests.deps.json" in args
TpTrace Verbose: 0 : 29376, 5, 2022/08/18, 21:47:51.261, 6178269667045, vstest.console.dll, DotnetTestHostmanager.IsWinOnArm: Current PROCESSOR_ARCHITECTURE from environment variable 'AMD64'
TpTrace Verbose: 0 : 29376, 5, 2022/08/18, 21:47:51.261, 6178269667331, vstest.console.dll, DotnetTestHostmanager.IsWinOnArm: Is Windows on ARM 'False'
TpTrace Verbose: 0 : 29376, 5, 2022/08/18, 21:47:51.261, 6178269667747, vstest.console.dll, DotnetTestHostManager: testhost.exe found at path: C:\TIARA\UNIVERSIDAD\SEMESTRE 8\TALLER DE DESARROLLO DE SW\TAREAS\proyecto\approach1-APRENDIENDO-FAMILIARIZANDO\backend1\UnitTests\bin\Debug\net6.0\fine-code-coverage\build-output\testhost.exe
TpTrace Verbose: 0 : 29376, 5, 2022/08/18, 21:47:51.262, 6178269667945, vstest.console.dll, DotnetTestHostmanager: Full path of host exe is C:\TIARA\UNIVERSIDAD\SEMESTRE 8\TALLER DE DESARROLLO DE SW\TAREAS\proyecto\approach1-APRENDIENDO-FAMILIARIZANDO\backend1\UnitTests\bin\Debug\net6.0\fine-code-coverage\build-output\testhost.exe
TpTrace Verbose: 0 : 29376, 5, 2022/08/18, 21:47:51.262, 6178269668733, vstest.console.dll, DotnetTestHostmanager.LaunchTestHostAsync: Found 'VSTEST_WINAPPHOST_DOTNET_ROOT' in env variables, value 'C:\Program Files\dotnet', forwarding to 'DOTNET_ROOT'
TpTrace Verbose: 0 : 29376, 7, 2022/08/18, 21:47:51.262, 6178269674434, vstest.console.dll, DotnetTestHostManager: Starting process 'C:\TIARA\UNIVERSIDAD\SEMESTRE 8\TALLER DE DESARROLLO DE SW\TAREAS\proyecto\approach1-APRENDIENDO-FAMILIARIZANDO\backend1\UnitTests\bin\Debug\net6.0\fine-code-coverage\build-output\testhost.exe' with command line ' --runtimeconfig "C:\TIARA\UNIVERSIDAD\SEMESTRE 8\TALLER DE DESARROLLO DE SW\TAREAS\proyecto\approach1-APRENDIENDO-FAMILIARIZANDO\backend1\UnitTests\bin\Debug\net6.0\fine-code-coverage\build-output\UnitTests.runtimeconfig.json" --depsfile "C:\TIARA\UNIVERSIDAD\SEMESTRE 8\TALLER DE DESARROLLO DE SW\TAREAS\proyecto\approach1-APRENDIENDO-FAMILIARIZANDO\backend1\UnitTests\bin\Debug\net6.0\fine-code-coverage\build-output\UnitTests.deps.json" --port 57319 --endpoint 127.0.0.1:057319 --role client --parentprocessid 29376 --diag "C:\TIARA\UNIVERSIDAD\SEMESTRE 8\TALLER DE DESARROLLO DE SW\TAREAS\proyecto\approach1-APRENDIENDO-FAMILIARIZANDO\backend1\UnitTests\bin\Debug\net6.0\fine-code-coverage\coverage-tool-output\diagnostics.host.22-08-18_21-47-51_26141_5.log" --tracelevel 4 --datacollectionport 57318 --telemetryoptedin false'
TpTrace Verbose: 0 : 29376, 7, 2022/08/18, 21:47:51.267, 6178269719606, vstest.console.dll, MulticastDelegateUtilities.SafeInvoke: HostProviderEvents.OnHostLaunched: Invoking callback 1/2 for Microsoft.VisualStudio.TestPlatform.CrossPlatEngine.Client.ProxyExecutionManagerWithDataCollection.TestHostLaunchedHandler, took 1 ms.
TpTrace Verbose: 0 : 29376, 7, 2022/08/18, 21:47:51.267, 6178269720781, vstest.console.dll, Test Runtime launched
TpTrace Verbose: 0 : 29376, 7, 2022/08/18, 21:47:51.267, 6178269721168, vstest.console.dll, MulticastDelegateUtilities.SafeInvoke: HostProviderEvents.OnHostLaunched: Invoking callback 2/2 for Microsoft.VisualStudio.TestPlatform.CrossPlatEngine.Client.ProxyOperationManager.TestHostManagerHostLaunched, took 0 ms.
TpTrace Verbose: 0 : 29376, 5, 2022/08/18, 21:47:51.267, 6178269727310, vstest.console.dll, TestRequestSender.WaitForRequestHandlerConnection: waiting for connection with timeout: 90000.
TpTrace Verbose: 0 : 29376, 7, 2022/08/18, 21:47:51.374, 6178270797294, vstest.console.dll, MulticastDelegateUtilities.SafeInvoke: SocketServer: ClientConnected: Invoking callback 1/1 for Microsoft.VisualStudio.TestPlatform.CommunicationUtilities.TestRequestSender.<InitializeCommunication>b__23_0, took 0 ms.
TpTrace Verbose: 0 : 29376, 5, 2022/08/18, 21:47:51.374, 6178270797420, vstest.console.dll, TestRequestSender.WaitForRequestHandlerConnection: waiting took 107 ms, with timeout 90000 ms, and result 0, which is success.
TpTrace Verbose: 0 : 29376, 7, 2022/08/18, 21:47:51.375, 6178270798307, vstest.console.dll, SocketServer.OnClientConnected: Client connected for endPoint: 127.0.0.1:57319, starting MessageLoopAsync:
TpTrace Verbose: 0 : 29376, 7, 2022/08/18, 21:47:51.375, 6178270800488, vstest.console.dll, TcpClientExtensions.MessageLoopAsync: Polling on remoteEndPoint: 127.0.0.1:57320 localEndPoint: 127.0.0.1:57319
TpTrace Verbose: 0 : 29376, 5, 2022/08/18, 21:47:51.375, 6178270807602, vstest.console.dll, TestRequestSender.CheckVersionWithTestHost: Sending check version message: {"MessageType":"ProtocolVersion","Payload":6}
TpTrace Verbose: 0 : 29376, 7, 2022/08/18, 21:47:51.472, 6178271773499, vstest.console.dll, TcpClientExtensions.MessageLoopAsync: NotifyDataAvailable remoteEndPoint: 127.0.0.1:57320 localEndPoint: 127.0.0.1:57319
TpTrace Verbose: 0 : 29376, 7, 2022/08/18, 21:47:51.472, 6178271775578, vstest.console.dll, TestRequestSender.CheckVersionWithTestHost: onMessageReceived received message: (ProtocolVersion) -> 5
TpTrace Verbose: 0 : 29376, 7, 2022/08/18, 21:47:51.473, 6178271778171, vstest.console.dll, MulticastDelegateUtilities.SafeInvoke: LengthPrefixCommunicationChannel: MessageReceived: Invoking callback 1/1 for Microsoft.VisualStudio.TestPlatform.CommunicationUtilities.TestRequestSender+<>c__DisplayClass25_0.<CheckVersionWithTestHost>b__0, took 0 ms.
TpTrace Verbose: 0 : 29376, 7, 2022/08/18, 21:47:51.473, 6178271778803, vstest.console.dll, TcpClientExtensions.MessageLoopAsync: Polling on remoteEndPoint: 127.0.0.1:57320 localEndPoint: 127.0.0.1:57319
TpTrace Verbose: 0 : 29376, 5, 2022/08/18, 21:47:51.473, 6178271779051, vstest.console.dll, TestPluginCache.GetExtensionPaths: Filtered extension paths: 
TpTrace Verbose: 0 : 29376, 5, 2022/08/18, 21:47:51.473, 6178271779442, vstest.console.dll, TestPluginCache.GetExtensionPaths: Added default extension paths: C:\Program Files\dotnet\sdk\6.0.303\Extensions\DumpMinitool.exe
C:\Program Files\dotnet\sdk\6.0.303\Extensions\DumpMinitool.x86.exe
C:\Program Files\dotnet\sdk\6.0.303\Extensions\Microsoft.Diagnostics.NETCore.Client.dll
C:\Program Files\dotnet\sdk\6.0.303\Extensions\Microsoft.TestPlatform.Extensions.BlameDataCollector.dll
C:\Program Files\dotnet\sdk\6.0.303\Extensions\Microsoft.TestPlatform.Extensions.EventLogCollector.dll
C:\Program Files\dotnet\sdk\6.0.303\Extensions\Microsoft.TestPlatform.TestHostRuntimeProvider.dll
C:\Program Files\dotnet\sdk\6.0.303\Extensions\Microsoft.VisualStudio.TestPlatform.Extensions.Html.TestLogger.dll
C:\Program Files\dotnet\sdk\6.0.303\Extensions\Microsoft.VisualStudio.TestPlatform.Extensions.Trx.TestLogger.dll
TpTrace Verbose: 0 : 29376, 5, 2022/08/18, 21:47:51.473, 6178271780474, vstest.console.dll, TestPluginCache.GetExtensionPaths: Added unfilterableExtensionPaths: 
TpTrace Verbose: 0 : 29376, 5, 2022/08/18, 21:47:51.477, 6178271827850, vstest.console.dll, TestRequestSender.InitializeExecution: Sending initialize execution with message: {"Version":5,"MessageType":"TestExecution.Initialize","Payload":["C:\\TIARA\\UNIVERSIDAD\\SEMESTRE 8\\TALLER DE DESARROLLO DE SW\\TAREAS\\proyecto\\approach1-APRENDIENDO-FAMILIARIZANDO\\backend1\\UnitTests\\bin\\Debug\\net6.0\\fine-code-coverage\\build-output\\xunit.runner.visualstudio.dotnetcore.testadapter.dll"]}
TpTrace Warning: 0 : 29376, 5, 2022/08/18, 21:47:51.478, 6178271831423, vstest.console.dll, InferRunSettingsHelper.MakeRunsettingsCompatible: Removing the following settings: TargetPlatform from RunSettings file. To use those settings please move to latest version of Microsoft.NET.Test.Sdk
TpTrace Verbose: 0 : 29376, 7, 2022/08/18, 21:47:51.480, 6178271853855, vstest.console.dll, TcpClientExtensions.MessageLoopAsync: NotifyDataAvailable remoteEndPoint: 127.0.0.1:57320 localEndPoint: 127.0.0.1:57319
TpTrace Verbose: 0 : 29376, 7, 2022/08/18, 21:47:51.480, 6178271854887, vstest.console.dll, TestRequestSender.OnExecutionMessageReceived: Received message: {"Version":5,"MessageType":"TestSession.Message","Payload":{"MessageLevel":0,"Message":"Registrando diagnstico de TestHost en el archivo: C:\\TIARA\\UNIVERSIDAD\\SEMESTRE 8\\TALLER DE DESARROLLO DE SW\\TAREAS\\proyecto\\approach1-APRENDIENDO-FAMILIARIZANDO\\backend1\\UnitTests\\bin\\Debug\\net6.0\\fine-code-coverage\\coverage-tool-output\\diagnostics.host.22-08-18_21-47-51_26141_5.log"}}
TpTrace Verbose: 0 : 29376, 7, 2022/08/18, 21:47:51.481, 6178271866776, vstest.console.dll, TestRunRequest:SendTestRunMessage: Starting.
TpTrace Verbose: 0 : 29376, 7, 2022/08/18, 21:47:51.481, 6178271867553, vstest.console.dll, MulticastDelegateUtilities.SafeInvoke: TestRun.LogMessages: Invoking callback 1/1 for Microsoft.VisualStudio.TestPlatform.CommandLine.TestRunResultAggregator.TestRunMessageHandler, took 0 ms.
TpTrace Verbose: 0 : 29376, 4, 2022/08/18, 21:47:51.481, 6178271867765, vstest.console.dll, MulticastDelegateUtilities.SafeInvoke: InternalTestLoggerEvents.SendTestRunMessage: Invoking callback 1/1 for Microsoft.VisualStudio.TestPlatform.CommandLine.Internal.ConsoleLogger.TestMessageHandler, took 0 ms.
TpTrace Information: 0 : 29376, 7, 2022/08/18, 21:47:51.481, 6178271867803, vstest.console.dll, TestRunRequest:SendTestRunMessage: Completed.
TpTrace Verbose: 0 : 29376, 7, 2022/08/18, 21:47:51.482, 6178271869081, vstest.console.dll, MulticastDelegateUtilities.SafeInvoke: LengthPrefixCommunicationChannel: MessageReceived: Invoking callback 1/1 for Microsoft.VisualStudio.TestPlatform.CommunicationUtilities.TestRequestSender+<>c__DisplayClass30_0.<StartTestRun>b__1, took 1 ms.
TpTrace Verbose: 0 : 29376, 7, 2022/08/18, 21:47:51.482, 6178271869329, vstest.console.dll, TcpClientExtensions.MessageLoopAsync: Polling on remoteEndPoint: 127.0.0.1:57320 localEndPoint: 127.0.0.1:57319
TpTrace Verbose: 0 : 29376, 5, 2022/08/18, 21:47:51.483, 6178271882817, vstest.console.dll, TestRequestSender.StartTestRun: Sending test run with message: {"Version":5,"MessageType":"TestExecution.StartWithSources","Payload":{"AdapterSourceMap":{"_none_":["C:\\TIARA\\UNIVERSIDAD\\SEMESTRE 8\\TALLER DE DESARROLLO DE SW\\TAREAS\\proyecto\\approach1-APRENDIENDO-FAMILIARIZANDO\\backend1\\UnitTests\\bin\\Debug\\net6.0\\fine-code-coverage\\build-output\\UnitTests.dll"]},"RunSettings":"<RunSettings>\r\n  <RunConfiguration>\r\n    <ResultsDirectory>C:\\TIARA\\UNIVERSIDAD\\SEMESTRE 8\\TALLER DE DESARROLLO DE SW\\TAREAS\\proyecto\\approach1-APRENDIENDO-FAMILIARIZANDO\\backend1\\UnitTests\\bin\\Debug\\net6.0\\fine-code-coverage\\coverage-tool-output</ResultsDirectory>\r\n    <TargetFrameworkVersion>.NETCoreApp,Version=v6.0</TargetFrameworkVersion>\r\n    <DesignMode>False</DesignMode>\r\n    <CollectSourceInformation>False</CollectSourceInformation>\r\n  </RunConfiguration>\r\n  <LoggerRunSettings>\r\n    <Loggers>\r\n      <Logger friendlyName=\"blame\" enabled=\"True\" />\r\n      <Logger friendlyName=\"Console\" uri=\"logger://microsoft/TestPlatform/ConsoleLogger/v1\" assemblyQualifiedName=\"Microsoft.VisualStudio.TestPlatform.CommandLine.Internal.ConsoleLogger, vstest.console, Version=15.0.0.0, Culture=neutral, PublicKeyToken=b03f5f7f11d50a3a\" codeBase=\"C:\\Program Files\\dotnet\\sdk\\6.0.303\\vstest.console.dll\" enabled=\"True\" />\r\n    </Loggers>\r\n  </LoggerRunSettings>\r\n  <DataCollectionRunSettings>\r\n    <DataCollectors>\r\n      <DataCollector friendlyName=\"blame\" enabled=\"True\">\r\n        <Configuration>\r\n          <ResultsDirectory>C:\\TIARA\\UNIVERSIDAD\\SEMESTRE 8\\TALLER DE DESARROLLO DE SW\\TAREAS\\proyecto\\approach1-APRENDIENDO-FAMILIARIZANDO\\backend1\\UnitTests\\bin\\Debug\\net6.0\\fine-code-coverage\\coverage-tool-output</ResultsDirectory>\r\n        </Configuration>\r\n      </DataCollector>\r\n    </DataCollectors>\r\n  </DataCollectionRunSettings>\r\n</RunSettings>","TestExecutionContext":{"FrequencyOfRunStatsChangeEvent":10,"RunStatsChangeEventTimeout":"00:00:01.5000000","InIsolation":false,"KeepAlive":false,"AreTestCaseLevelEventsRequired":false,"IsDebug":false,"TestCaseFilter":null,"FilterOptions":null},"Package":null}}
TpTrace Verbose: 0 : 29376, 7, 2022/08/18, 21:47:51.592, 6178272972777, vstest.console.dll, TcpClientExtensions.MessageLoopAsync: NotifyDataAvailable remoteEndPoint: 127.0.0.1:57320 localEndPoint: 127.0.0.1:57319
TpTrace Verbose: 0 : 29376, 7, 2022/08/18, 21:47:51.592, 6178272973991, vstest.console.dll, TestRequestSender.OnExecutionMessageReceived: Received message: {"Version":5,"MessageType":"TestSession.Message","Payload":{"MessageLevel":0,"Message":"[xUnit.net 00:00:00.00] xUnit.net VSTest Adapter v2.4.3+1b45f5407b (64-bit .NET 6.0.8)"}}
TpTrace Verbose: 0 : 29376, 7, 2022/08/18, 21:47:51.592, 6178272975605, vstest.console.dll, TestRunRequest:SendTestRunMessage: Starting.
TpTrace Verbose: 0 : 29376, 7, 2022/08/18, 21:47:51.592, 6178272975990, vstest.console.dll, MulticastDelegateUtilities.SafeInvoke: TestRun.LogMessages: Invoking callback 1/1 for Microsoft.VisualStudio.TestPlatform.CommandLine.TestRunResultAggregator.TestRunMessageHandler, took 0 ms.
TpTrace Information: 0 : 29376, 7, 2022/08/18, 21:47:51.592, 6178272976147, vstest.console.dll, TestRunRequest:SendTestRunMessage: Completed.
TpTrace Verbose: 0 : 29376, 7, 2022/08/18, 21:47:51.592, 6178272976301, vstest.console.dll, MulticastDelegateUtilities.SafeInvoke: LengthPrefixCommunicationChannel: MessageReceived: Invoking callback 1/1 for Microsoft.VisualStudio.TestPlatform.CommunicationUtilities.TestRequestSender+<>c__DisplayClass30_0.<StartTestRun>b__1, took 0 ms.
TpTrace Verbose: 0 : 29376, 4, 2022/08/18, 21:47:51.592, 6178272976326, vstest.console.dll, MulticastDelegateUtilities.SafeInvoke: InternalTestLoggerEvents.SendTestRunMessage: Invoking callback 1/1 for Microsoft.VisualStudio.TestPlatform.CommandLine.Internal.ConsoleLogger.TestMessageHandler, took 0 ms.
TpTrace Verbose: 0 : 29376, 7, 2022/08/18, 21:47:51.592, 6178272976451, vstest.console.dll, TcpClientExtensions.MessageLoopAsync: Polling on remoteEndPoint: 127.0.0.1:57320 localEndPoint: 127.0.0.1:57319
TpTrace Verbose: 0 : 29376, 7, 2022/08/18, 21:47:52.128, 6178278330958, vstest.console.dll, TcpClientExtensions.MessageLoopAsync: NotifyDataAvailable remoteEndPoint: 127.0.0.1:57320 localEndPoint: 127.0.0.1:57319
TpTrace Verbose: 0 : 29376, 7, 2022/08/18, 21:47:52.128, 6178278332973, vstest.console.dll, TestRequestSender.OnExecutionMessageReceived: Received message: {"Version":5,"MessageType":"TestSession.Message","Payload":{"MessageLevel":0,"Message":"[xUnit.net 00:00:00.54]   Discovering: UnitTests"}}
TpTrace Verbose: 0 : 29376, 7, 2022/08/18, 21:47:52.128, 6178278335569, vstest.console.dll, TestRunRequest:SendTestRunMessage: Starting.
TpTrace Verbose: 0 : 29376, 7, 2022/08/18, 21:47:52.128, 6178278336569, vstest.console.dll, MulticastDelegateUtilities.SafeInvoke: TestRun.LogMessages: Invoking callback 1/1 for Microsoft.VisualStudio.TestPlatform.CommandLine.TestRunResultAggregator.TestRunMessageHandler, took 0 ms.
TpTrace Verbose: 0 : 29376, 4, 2022/08/18, 21:47:52.128, 6178278336690, vstest.console.dll, MulticastDelegateUtilities.SafeInvoke: InternalTestLoggerEvents.SendTestRunMessage: Invoking callback 1/1 for Microsoft.VisualStudio.TestPlatform.CommandLine.Internal.ConsoleLogger.TestMessageHandler, took 0 ms.
TpTrace Information: 0 : 29376, 7, 2022/08/18, 21:47:52.128, 6178278336863, vstest.console.dll, TestRunRequest:SendTestRunMessage: Completed.
TpTrace Verbose: 0 : 29376, 7, 2022/08/18, 21:47:52.128, 6178278337577, vstest.console.dll, MulticastDelegateUtilities.SafeInvoke: LengthPrefixCommunicationChannel: MessageReceived: Invoking callback 1/1 for Microsoft.VisualStudio.TestPlatform.CommunicationUtilities.TestRequestSender+<>c__DisplayClass30_0.<StartTestRun>b__1, took 0 ms.
TpTrace Verbose: 0 : 29376, 7, 2022/08/18, 21:47:52.129, 6178278337901, vstest.console.dll, TcpClientExtensions.MessageLoopAsync: Polling on remoteEndPoint: 127.0.0.1:57320 localEndPoint: 127.0.0.1:57319
TpTrace Verbose: 0 : 29376, 7, 2022/08/18, 21:47:52.159, 6178278646954, vstest.console.dll, TcpClientExtensions.MessageLoopAsync: NotifyDataAvailable remoteEndPoint: 127.0.0.1:57320 localEndPoint: 127.0.0.1:57319
TpTrace Verbose: 0 : 29376, 7, 2022/08/18, 21:47:52.160, 6178278648385, vstest.console.dll, TestRequestSender.OnExecutionMessageReceived: Received message: {"Version":5,"MessageType":"TestSession.Message","Payload":{"MessageLevel":0,"Message":"[xUnit.net 00:00:00.57]   Discovered:  UnitTests"}}
TpTrace Verbose: 0 : 29376, 7, 2022/08/18, 21:47:52.160, 6178278650503, vstest.console.dll, TestRunRequest:SendTestRunMessage: Starting.
TpTrace Verbose: 0 : 29376, 7, 2022/08/18, 21:47:52.160, 6178278651112, vstest.console.dll, MulticastDelegateUtilities.SafeInvoke: TestRun.LogMessages: Invoking callback 1/1 for Microsoft.VisualStudio.TestPlatform.CommandLine.TestRunResultAggregator.TestRunMessageHandler, took 0 ms.
TpTrace Information: 0 : 29376, 7, 2022/08/18, 21:47:52.160, 6178278651401, vstest.console.dll, TestRunRequest:SendTestRunMessage: Completed.
TpTrace Verbose: 0 : 29376, 7, 2022/08/18, 21:47:52.160, 6178278651577, vstest.console.dll, MulticastDelegateUtilities.SafeInvoke: LengthPrefixCommunicationChannel: MessageReceived: Invoking callback 1/1 for Microsoft.VisualStudio.TestPlatform.CommunicationUtilities.TestRequestSender+<>c__DisplayClass30_0.<StartTestRun>b__1, took 0 ms.
TpTrace Verbose: 0 : 29376, 7, 2022/08/18, 21:47:52.160, 6178278651750, vstest.console.dll, TcpClientExtensions.MessageLoopAsync: Polling on remoteEndPoint: 127.0.0.1:57320 localEndPoint: 127.0.0.1:57319
TpTrace Verbose: 0 : 29376, 4, 2022/08/18, 21:47:52.160, 6178278652343, vstest.console.dll, MulticastDelegateUtilities.SafeInvoke: InternalTestLoggerEvents.SendTestRunMessage: Invoking callback 1/1 for Microsoft.VisualStudio.TestPlatform.CommandLine.Internal.ConsoleLogger.TestMessageHandler, took 0 ms.
TpTrace Verbose: 0 : 29376, 7, 2022/08/18, 21:47:52.161, 6178278663785, vstest.console.dll, TcpClientExtensions.MessageLoopAsync: NotifyDataAvailable remoteEndPoint: 127.0.0.1:57320 localEndPoint: 127.0.0.1:57319
TpTrace Verbose: 0 : 29376, 7, 2022/08/18, 21:47:52.161, 6178278664516, vstest.console.dll, TestRequestSender.OnExecutionMessageReceived: Received message: {"Version":5,"MessageType":"TestSession.Message","Payload":{"MessageLevel":0,"Message":"[xUnit.net 00:00:00.57]   Starting:    UnitTests"}}
TpTrace Verbose: 0 : 29376, 7, 2022/08/18, 21:47:52.161, 6178278665550, vstest.console.dll, TestRunRequest:SendTestRunMessage: Starting.
TpTrace Verbose: 0 : 29376, 7, 2022/08/18, 21:47:52.161, 6178278665904, vstest.console.dll, MulticastDelegateUtilities.SafeInvoke: TestRun.LogMessages: Invoking callback 1/1 for Microsoft.VisualStudio.TestPlatform.CommandLine.TestRunResultAggregator.TestRunMessageHandler, took 0 ms.
TpTrace Information: 0 : 29376, 7, 2022/08/18, 21:47:52.161, 6178278666321, vstest.console.dll, TestRunRequest:SendTestRunMessage: Completed.
TpTrace Verbose: 0 : 29376, 7, 2022/08/18, 21:47:52.161, 6178278666502, vstest.console.dll, MulticastDelegateUtilities.SafeInvoke: LengthPrefixCommunicationChannel: MessageReceived: Invoking callback 1/1 for Microsoft.VisualStudio.TestPlatform.CommunicationUtilities.TestRequestSender+<>c__DisplayClass30_0.<StartTestRun>b__1, took 0 ms.
TpTrace Verbose: 0 : 29376, 7, 2022/08/18, 21:47:52.161, 6178278666660, vstest.console.dll, TcpClientExtensions.MessageLoopAsync: Polling on remoteEndPoint: 127.0.0.1:57320 localEndPoint: 127.0.0.1:57319
TpTrace Verbose: 0 : 29376, 4, 2022/08/18, 21:47:52.161, 6178278667154, vstest.console.dll, MulticastDelegateUtilities.SafeInvoke: InternalTestLoggerEvents.SendTestRunMessage: Invoking callback 1/1 for Microsoft.VisualStudio.TestPlatform.CommandLine.Internal.ConsoleLogger.TestMessageHandler, took 0 ms.
TpTrace Verbose: 0 : 29376, 7, 2022/08/18, 21:47:52.718, 6178284231266, vstest.console.dll, TcpClientExtensions.MessageLoopAsync: NotifyDataAvailable remoteEndPoint: 127.0.0.1:57320 localEndPoint: 127.0.0.1:57319
TpTrace Verbose: 0 : 29376, 7, 2022/08/18, 21:47:52.718, 6178284233322, vstest.console.dll, TestRequestSender.OnExecutionMessageReceived: Received message: {"Version":5,"MessageType":"TestExecution.StatsChange","Payload":{"NewTestResults":[{"TestCase":{"Id":"9f276a02-234b-ff32-3ab9-38197d30382b","FullyQualifiedName":"UnitTests.Config.AutomapperUT.AutomapperProfile_ChildEntity_ReturnsChildModelWithSameName","DisplayName":"UnitTests.Config.AutomapperUT.AutomapperProfile_ChildEntity_ReturnsChildModelWithSameName","ExecutorUri":"executor://xunit/VsTestRunner2/netcoreapp","Source":"C:\\TIARA\\UNIVERSIDAD\\SEMESTRE 8\\TALLER DE DESARROLLO DE SW\\TAREAS\\proyecto\\approach1-APRENDIENDO-FAMILIARIZANDO\\backend1\\UnitTests\\bin\\Debug\\net6.0\\fine-code-coverage\\build-output\\UnitTests.dll","CodeFilePath":null,"LineNumber":0,"Properties":[]},"Attachments":[],"Outcome":1,"ErrorMessage":null,"ErrorStackTrace":null,"DisplayName":"UnitTests.Config.AutomapperUT.AutomapperProfile_ChildEntity_ReturnsChildModelWithSameName","Messages":[],"ComputerName":"LAPTOP-91G4ROA7","Duration":"00:00:00.0821780","StartTime":"2022-08-19T01:47:52.2895173+00:00","EndTime":"2022-08-19T01:47:52.2895414+00:00","Properties":[]},{"TestCase":{"Id":"e9b02a59-4eaf-72fa-d53c-f8a91573a8c0","FullyQualifiedName":"UnitTests.Config.AutomapperUT.AutomapperProfile_ChildModel_ReturnsChildEntity","DisplayName":"UnitTests.Config.AutomapperUT.AutomapperProfile_ChildModel_ReturnsChildEntity","ExecutorUri":"executor://xunit/VsTestRunner2/netcoreapp","Source":"C:\\TIARA\\UNIVERSIDAD\\SEMESTRE 8\\TALLER DE DESARROLLO DE SW\\TAREAS\\proyecto\\approach1-APRENDIENDO-FAMILIARIZANDO\\backend1\\UnitTests\\bin\\Debug\\net6.0\\fine-code-coverage\\build-output\\UnitTests.dll","CodeFilePath":null,"LineNumber":0,"Properties":[]},"Attachments":[],"Outcome":1,"ErrorMessage":null,"ErrorStackTrace":null,"DisplayName":"UnitTests.Config.AutomapperUT.AutomapperProfile_ChildModel_ReturnsChildEntity","Messages":[],"ComputerName":"LAPTOP-91G4ROA7","Duration":"00:00:00.0027921","StartTime":"2022-08-19T01:47:52.3076682+00:00","EndTime":"2022-08-19T01:47:52.3076684+00:00","Properties":[]},{"TestCase":{"Id":"f9fe9a94-353c-3434-96ce-246d2d64bb1e","FullyQualifiedName":"UnitTests.Config.AutomapperUT.AutomapperProfile_ChildEntity_ReturnsChildModelWithSameBirthDate","DisplayName":"UnitTests.Config.AutomapperUT.AutomapperProfile_ChildEntity_ReturnsChildModelWithSameBirthDate","ExecutorUri":"executor://xunit/VsTestRunner2/netcoreapp","Source":"C:\\TIARA\\UNIVERSIDAD\\SEMESTRE 8\\TALLER DE DESARROLLO DE SW\\TAREAS\\proyecto\\approach1-APRENDIENDO-FAMILIARIZANDO\\backend1\\UnitTests\\bin\\Debug\\net6.0\\fine-code-coverage\\build-output\\UnitTests.dll","CodeFilePath":null,"LineNumber":0,"Properties":[]},"Attachments":[],"Outcome":1,"ErrorMessage":null,"ErrorStackTrace":null,"DisplayName":"UnitTests.Config.AutomapperUT.AutomapperProfile_ChildEntity_ReturnsChildModelWithSameBirthDate","Messages":[],"ComputerName":"LAPTOP-91G4ROA7","Duration":"00:00:00.0040778","StartTime":"2022-08-19T01:47:52.3107488+00:00","EndTime":"2022-08-19T01:47:52.310749+00:00","Properties":[]},{"TestCase":{"Id":"c4161a33-6960-fbcd-9e21-c33f29cc0d8b","FullyQualifiedName":"UnitTests.Config.AutomapperUT.AutomapperProfile_ChildEntity_ReturnsChildModelWithSameId","DisplayName":"UnitTests.Config.AutomapperUT.AutomapperProfile_ChildEntity_ReturnsChildModelWithSameId","ExecutorUri":"executor://xunit/VsTestRunner2/netcoreapp","Source":"C:\\TIARA\\UNIVERSIDAD\\SEMESTRE 8\\TALLER DE DESARROLLO DE SW\\TAREAS\\proyecto\\approach1-APRENDIENDO-FAMILIARIZANDO\\backend1\\UnitTests\\bin\\Debug\\net6.0\\fine-code-coverage\\build-output\\UnitTests.dll","CodeFilePath":null,"LineNumber":0,"Properties":[]},"Attachments":[],"Outcome":1,"ErrorMessage":null,"ErrorStackTrace":null,"DisplayName":"UnitTests.Config.AutomapperUT.AutomapperProfile_ChildEntity_ReturnsChildModelWithSameId","Messages":[],"ComputerName":"LAPTOP-91G4ROA7","Duration":"00:00:00.0030642","StartTime":"2022-08-19T01:47:52.3132423+00:00","EndTime":"2022-08-19T01:47:52.3132426+00:00","Properties":[]},{"TestCase":{"Id":"25e4ecb5-32a5-ea43-11b3-3a3c385a2960","FullyQualifiedName":"UnitTests.Config.AutomapperUT.AutomapperProfile_ChildEntity_ReturnsChildModel","DisplayName":"UnitTests.Config.AutomapperUT.AutomapperProfile_ChildEntity_ReturnsChildModel","ExecutorUri":"executor://xunit/VsTestRunner2/netcoreapp","Source":"C:\\TIARA\\UNIVERSIDAD\\SEMESTRE 8\\TALLER DE DESARROLLO DE SW\\TAREAS\\proyecto\\approach1-APRENDIENDO-FAMILIARIZANDO\\backend1\\UnitTests\\bin\\Debug\\net6.0\\fine-code-coverage\\build-output\\UnitTests.dll","CodeFilePath":null,"LineNumber":0,"Properties":[]},"Attachments":[],"Outcome":1,"ErrorMessage":null,"ErrorStackTrace":null,"DisplayName":"UnitTests.Config.AutomapperUT.AutomapperProfile_ChildEntity_ReturnsChildModel","Messages":[],"ComputerName":"LAPTOP-91G4ROA7","Duration":"00:00:00.0013527","StartTime":"2022-08-19T01:47:52.3153414+00:00","EndTime":"2022-08-19T01:47:52.3153416+00:00","Properties":[]},{"TestCase":{"Id":"bee68958-9956-1e02-386a-5c0d940f365b","FullyQualifiedName":"UnitTests.Config.DBContextUT.GetChildren_Get1ChildFormContext_ReturnsSetWith1ChildFromDBWithCorrectData","DisplayName":"UnitTests.Config.DBContextUT.GetChildren_Get1ChildFormContext_ReturnsSetWith1ChildFromDBWithCorrectData","ExecutorUri":"executor://xunit/VsTestRunner2/netcoreapp","Source":"C:\\TIARA\\UNIVERSIDAD\\SEMESTRE 8\\TALLER DE DESARROLLO DE SW\\TAREAS\\proyecto\\approach1-APRENDIENDO-FAMILIARIZANDO\\backend1\\UnitTests\\bin\\Debug\\net6.0\\fine-code-coverage\\build-output\\UnitTests.dll","CodeFilePath":null,"LineNumber":0,"Properties":[]},"Attachments":[],"Outcome":1,"ErrorMessage":null,"ErrorStackTrace":null,"DisplayName":"UnitTests.Config.DBContextUT.GetChildren_Get1ChildFormContext_ReturnsSetWith1ChildFromDBWithCorrectData","Messages":[],"ComputerName":"LAPTOP-91G4ROA7","Duration":"00:00:00.4731526","StartTime":"2022-08-19T01:47:52.6741612+00:00","EndTime":"2022-08-19T01:47:52.6741615+00:00","Properties":[]},{"TestCase":{"Id":"d6aa3bc3-b6e2-dbdb-8a32-b00fec100062","FullyQualifiedName":"UnitTests.ServicesUT.ChildServiceUT.GetChildren_TwoChildrenAdded_ReturnsListWithTwoChildren_INTEGRATION","DisplayName":"UnitTests.ServicesUT.ChildServiceUT.GetChildren_TwoChildrenAdded_ReturnsListWithTwoChildren_INTEGRATION","ExecutorUri":"executor://xunit/VsTestRunner2/netcoreapp","Source":"C:\\TIARA\\UNIVERSIDAD\\SEMESTRE 8\\TALLER DE DESARROLLO DE SW\\TAREAS\\proyecto\\approach1-APRENDIENDO-FAMILIARIZANDO\\backend1\\UnitTests\\bin\\Debug\\net6.0\\fine-code-coverage\\build-output\\UnitTests.dll","CodeFilePath":null,"LineNumber":0,"Properties":[]},"Attachments":[],"Outcome":1,"ErrorMessage":null,"ErrorStackTrace":null,"DisplayName":"UnitTests.ServicesUT.ChildServiceUT.GetChildren_TwoChildrenAdded_ReturnsListWithTwoChildren_INTEGRATION","Messages":[],"ComputerName":"LAPTOP-91G4ROA7","Duration":"00:00:00.4836266","StartTime":"2022-08-19T01:47:52.6844977+00:00","EndTime":"2022-08-19T01:47:52.6844979+00:00","Properties":[]},{"TestCase":{"Id":"a7371b6c-fc02-12c2-6df0-f3d73486ef2c","FullyQualifiedName":"UnitTests.Config.DBContextUT.CreateChildren_AddChildToContext_ChangesDBState","DisplayName":"UnitTests.Config.DBContextUT.CreateChildren_AddChildToContext_ChangesDBState","ExecutorUri":"executor://xunit/VsTestRunner2/netcoreapp","Source":"C:\\TIARA\\UNIVERSIDAD\\SEMESTRE 8\\TALLER DE DESARROLLO DE SW\\TAREAS\\proyecto\\approach1-APRENDIENDO-FAMILIARIZANDO\\backend1\\UnitTests\\bin\\Debug\\net6.0\\fine-code-coverage\\build-output\\UnitTests.dll","CodeFilePath":null,"LineNumber":0,"Properties":[]},"Attachments":[],"Outcome":1,"ErrorMessage":null,"ErrorStackTrace":null,"DisplayName":"UnitTests.Config.DBContextUT.CreateChildren_AddChildToContext_ChangesDBState","Messages":[],"ComputerName":"LAPTOP-91G4ROA7","Duration":"00:00:00.0103497","StartTime":"2022-08-19T01:47:52.6919099+00:00","EndTime":"2022-08-19T01:47:52.6919101+00:00","Properties":[]}],"TestRunStatistics":{"ExecutedTests":8,"Stats":{"Passed":8}},"ActiveTests":[{"Id":"946e77fd-29a4-c3d7-64e4-1ea905a4f2b6","FullyQualifiedName":"UnitTests.ServicesUT.ChildServiceUT.GetChildren_TwoChildrenAdded_ReturnsListWith2Children_UNIT","DisplayName":"UnitTests.ServicesUT.ChildServiceUT.GetChildren_TwoChildrenAdded_ReturnsListWith2Children_UNIT","ExecutorUri":"executor://xunit/VsTestRunner2/netcoreapp","Source":"C:\\TIARA\\UNIVERSIDAD\\SEMESTRE 8\\TALLER DE DESARROLLO DE SW\\TAREAS\\proyecto\\approach1-APRENDIENDO-FAMILIARIZANDO\\backend1\\UnitTests\\bin\\Debug\\net6.0\\fine-code-coverage\\build-output\\UnitTests.dll","CodeFilePath":null,"LineNumber":0,"Properties":[]},{"Id":"9ace95e5-e5fe-36d4-c390-aca7059aa5d9","FullyQualifiedName":"UnitTests.Config.DBContextUT.GetChildren_GetChildrenFormContext_ReturnsSetWithChildrenFromDB","DisplayName":"UnitTests.Config.DBContextUT.GetChildren_GetChildrenFormContext_ReturnsSetWithChildrenFromDB","ExecutorUri":"executor://xunit/VsTestRunner2/netcoreapp","Source":"C:\\TIARA\\UNIVERSIDAD\\SEMESTRE 8\\TALLER DE DESARROLLO DE SW\\TAREAS\\proyecto\\approach1-APRENDIENDO-FAMILIARIZANDO\\backend1\\UnitTests\\bin\\Debug\\net6.0\\fine-code-coverage\\build-output\\UnitTests.dll","CodeFilePath":null,"LineNumber":0,"Properties":[]}]}}
TpTrace Verbose: 0 : 29376, 7, 2022/08/18, 21:47:52.737, 6178284426343, vstest.console.dll, TestRunRequest:SendTestRunStatsChange: Starting.
TpTrace Verbose: 0 : 29376, 7, 2022/08/18, 21:47:52.738, 6178284428004, vstest.console.dll, InProgress is UnitTests.ServicesUT.ChildServiceUT.GetChildren_TwoChildrenAdded_ReturnsListWith2Children_UNIT
TpTrace Verbose: 0 : 29376, 7, 2022/08/18, 21:47:52.738, 6178284428386, vstest.console.dll, InProgress is UnitTests.Config.DBContextUT.GetChildren_GetChildrenFormContext_ReturnsSetWithChildrenFromDB
TpTrace Verbose: 0 : 29376, 7, 2022/08/18, 21:47:52.738, 6178284430199, vstest.console.dll, MulticastDelegateUtilities.SafeInvoke: TestRun.RunStatsChanged: Invoking callbacks was skipped because there are no subscribers.
TpTrace Information: 0 : 29376, 7, 2022/08/18, 21:47:52.738, 6178284430832, vstest.console.dll, TestRunRequest:SendTestRunStatsChange: Completed.
TpTrace Verbose: 0 : 29376, 7, 2022/08/18, 21:47:52.738, 6178284431149, vstest.console.dll, MulticastDelegateUtilities.SafeInvoke: LengthPrefixCommunicationChannel: MessageReceived: Invoking callback 1/1 for Microsoft.VisualStudio.TestPlatform.CommunicationUtilities.TestRequestSender+<>c__DisplayClass30_0.<StartTestRun>b__1, took 19 ms.
TpTrace Verbose: 0 : 29376, 7, 2022/08/18, 21:47:52.738, 6178284431476, vstest.console.dll, TcpClientExtensions.MessageLoopAsync: Polling on remoteEndPoint: 127.0.0.1:57320 localEndPoint: 127.0.0.1:57319
TpTrace Verbose: 0 : 29376, 4, 2022/08/18, 21:47:52.743, 6178284480746, vstest.console.dll, MulticastDelegateUtilities.SafeInvoke: InternalTestLoggerEvents.SendTestResult: Invoking callback 1/1 for Microsoft.VisualStudio.TestPlatform.CommandLine.Internal.ConsoleLogger.TestResultHandler, took 4 ms.
TpTrace Verbose: 0 : 29376, 4, 2022/08/18, 21:47:52.743, 6178284482163, vstest.console.dll, MulticastDelegateUtilities.SafeInvoke: InternalTestLoggerEvents.SendTestResult: Invoking callback 1/1 for Microsoft.VisualStudio.TestPlatform.CommandLine.Internal.ConsoleLogger.TestResultHandler, took 0 ms.
TpTrace Verbose: 0 : 29376, 4, 2022/08/18, 21:47:52.743, 6178284482446, vstest.console.dll, MulticastDelegateUtilities.SafeInvoke: InternalTestLoggerEvents.SendTestResult: Invoking callback 1/1 for Microsoft.VisualStudio.TestPlatform.CommandLine.Internal.ConsoleLogger.TestResultHandler, took 0 ms.
TpTrace Verbose: 0 : 29376, 4, 2022/08/18, 21:47:52.743, 6178284482671, vstest.console.dll, MulticastDelegateUtilities.SafeInvoke: InternalTestLoggerEvents.SendTestResult: Invoking callback 1/1 for Microsoft.VisualStudio.TestPlatform.CommandLine.Internal.ConsoleLogger.TestResultHandler, took 0 ms.
TpTrace Verbose: 0 : 29376, 4, 2022/08/18, 21:47:52.743, 6178284482879, vstest.console.dll, MulticastDelegateUtilities.SafeInvoke: InternalTestLoggerEvents.SendTestResult: Invoking callback 1/1 for Microsoft.VisualStudio.TestPlatform.CommandLine.Internal.ConsoleLogger.TestResultHandler, took 0 ms.
TpTrace Verbose: 0 : 29376, 4, 2022/08/18, 21:47:52.743, 6178284483076, vstest.console.dll, MulticastDelegateUtilities.SafeInvoke: InternalTestLoggerEvents.SendTestResult: Invoking callback 1/1 for Microsoft.VisualStudio.TestPlatform.CommandLine.Internal.ConsoleLogger.TestResultHandler, took 0 ms.
TpTrace Verbose: 0 : 29376, 4, 2022/08/18, 21:47:52.743, 6178284483273, vstest.console.dll, MulticastDelegateUtilities.SafeInvoke: InternalTestLoggerEvents.SendTestResult: Invoking callback 1/1 for Microsoft.VisualStudio.TestPlatform.CommandLine.Internal.ConsoleLogger.TestResultHandler, took 0 ms.
TpTrace Verbose: 0 : 29376, 4, 2022/08/18, 21:47:52.743, 6178284483477, vstest.console.dll, MulticastDelegateUtilities.SafeInvoke: InternalTestLoggerEvents.SendTestResult: Invoking callback 1/1 for Microsoft.VisualStudio.TestPlatform.CommandLine.Internal.ConsoleLogger.TestResultHandler, took 0 ms.
TpTrace Verbose: 0 : 29376, 7, 2022/08/18, 21:47:52.760, 6178284654851, vstest.console.dll, TcpClientExtensions.MessageLoopAsync: NotifyDataAvailable remoteEndPoint: 127.0.0.1:57320 localEndPoint: 127.0.0.1:57319
TpTrace Verbose: 0 : 29376, 7, 2022/08/18, 21:47:52.760, 6178284656315, vstest.console.dll, TestRequestSender.OnExecutionMessageReceived: Received message: {"Version":5,"MessageType":"TestSession.Message","Payload":{"MessageLevel":0,"Message":"[xUnit.net 00:00:01.17]   Finished:    UnitTests"}}
TpTrace Verbose: 0 : 29376, 7, 2022/08/18, 21:47:52.761, 6178284658528, vstest.console.dll, TestRunRequest:SendTestRunMessage: Starting.
TpTrace Verbose: 0 : 29376, 7, 2022/08/18, 21:47:52.761, 6178284659410, vstest.console.dll, MulticastDelegateUtilities.SafeInvoke: TestRun.LogMessages: Invoking callback 1/1 for Microsoft.VisualStudio.TestPlatform.CommandLine.TestRunResultAggregator.TestRunMessageHandler, took 0 ms.
TpTrace Information: 0 : 29376, 7, 2022/08/18, 21:47:52.761, 6178284659647, vstest.console.dll, TestRunRequest:SendTestRunMessage: Completed.
TpTrace Verbose: 0 : 29376, 7, 2022/08/18, 21:47:52.761, 6178284659985, vstest.console.dll, MulticastDelegateUtilities.SafeInvoke: LengthPrefixCommunicationChannel: MessageReceived: Invoking callback 1/1 for Microsoft.VisualStudio.TestPlatform.CommunicationUtilities.TestRequestSender+<>c__DisplayClass30_0.<StartTestRun>b__1, took 0 ms.
TpTrace Verbose: 0 : 29376, 4, 2022/08/18, 21:47:52.761, 6178284660162, vstest.console.dll, MulticastDelegateUtilities.SafeInvoke: InternalTestLoggerEvents.SendTestRunMessage: Invoking callback 1/1 for Microsoft.VisualStudio.TestPlatform.CommandLine.Internal.ConsoleLogger.TestMessageHandler, took 0 ms.
TpTrace Verbose: 0 : 29376, 7, 2022/08/18, 21:47:52.761, 6178284660280, vstest.console.dll, TcpClientExtensions.MessageLoopAsync: Polling on remoteEndPoint: 127.0.0.1:57320 localEndPoint: 127.0.0.1:57319
TpTrace Verbose: 0 : 29376, 7, 2022/08/18, 21:47:52.770, 6178284756516, vstest.console.dll, TcpClientExtensions.MessageLoopAsync: NotifyDataAvailable remoteEndPoint: 127.0.0.1:57320 localEndPoint: 127.0.0.1:57319
TpTrace Verbose: 0 : 29376, 7, 2022/08/18, 21:47:52.771, 6178284758011, vstest.console.dll, TestRequestSender.OnExecutionMessageReceived: Received message: {"Version":5,"MessageType":"TestExecution.Completed","Payload":{"TestRunCompleteArgs":{"TestRunStatistics":{"ExecutedTests":11,"Stats":{"Passed":11}},"IsCanceled":false,"IsAborted":false,"Error":null,"AttachmentSets":[],"ElapsedTimeInRunningTests":"00:00:01.1812454","Metrics":{}},"LastRunTests":{"NewTestResults":[{"TestCase":{"Id":"9ace95e5-e5fe-36d4-c390-aca7059aa5d9","FullyQualifiedName":"UnitTests.Config.DBContextUT.GetChildren_GetChildrenFormContext_ReturnsSetWithChildrenFromDB","DisplayName":"UnitTests.Config.DBContextUT.GetChildren_GetChildrenFormContext_ReturnsSetWithChildrenFromDB","ExecutorUri":"executor://xunit/VsTestRunner2/netcoreapp","Source":"C:\\TIARA\\UNIVERSIDAD\\SEMESTRE 8\\TALLER DE DESARROLLO DE SW\\TAREAS\\proyecto\\approach1-APRENDIENDO-FAMILIARIZANDO\\backend1\\UnitTests\\bin\\Debug\\net6.0\\fine-code-coverage\\build-output\\UnitTests.dll","CodeFilePath":null,"LineNumber":0,"Properties":[]},"Attachments":[],"Outcome":1,"ErrorMessage":null,"ErrorStackTrace":null,"DisplayName":"UnitTests.Config.DBContextUT.GetChildren_GetChildrenFormContext_ReturnsSetWithChildrenFromDB","Messages":[],"ComputerName":"LAPTOP-91G4ROA7","Duration":"00:00:00.0166520","StartTime":"2022-08-19T01:47:52.7191883+00:00","EndTime":"2022-08-19T01:47:52.7191885+00:00","Properties":[]},{"TestCase":{"Id":"29a4d6c9-be38-42ec-31a6-accbc79c4dd0","FullyQualifiedName":"UnitTests.Config.DBContextUT.GetChildren_Get1ChildFormContext_ReturnsSetWith1ChildFromDB","DisplayName":"UnitTests.Config.DBContextUT.GetChildren_Get1ChildFormContext_ReturnsSetWith1ChildFromDB","ExecutorUri":"executor://xunit/VsTestRunner2/netcoreapp","Source":"C:\\TIARA\\UNIVERSIDAD\\SEMESTRE 8\\TALLER DE DESARROLLO DE SW\\TAREAS\\proyecto\\approach1-APRENDIENDO-FAMILIARIZANDO\\backend1\\UnitTests\\bin\\Debug\\net6.0\\fine-code-coverage\\build-output\\UnitTests.dll","CodeFilePath":null,"LineNumber":0,"Properties":[]},"Attachments":[],"Outcome":1,"ErrorMessage":null,"ErrorStackTrace":null,"DisplayName":"UnitTests.Config.DBContextUT.GetChildren_Get1ChildFormContext_ReturnsSetWith1ChildFromDB","Messages":[],"ComputerName":"LAPTOP-91G4ROA7","Duration":"00:00:00.0105026","StartTime":"2022-08-19T01:47:52.7246552+00:00","EndTime":"2022-08-19T01:47:52.7246555+00:00","Properties":[]},{"TestCase":{"Id":"946e77fd-29a4-c3d7-64e4-1ea905a4f2b6","FullyQualifiedName":"UnitTests.ServicesUT.ChildServiceUT.GetChildren_TwoChildrenAdded_ReturnsListWith2Children_UNIT","DisplayName":"UnitTests.ServicesUT.ChildServiceUT.GetChildren_TwoChildrenAdded_ReturnsListWith2Children_UNIT","ExecutorUri":"executor://xunit/VsTestRunner2/netcoreapp","Source":"C:\\TIARA\\UNIVERSIDAD\\SEMESTRE 8\\TALLER DE DESARROLLO DE SW\\TAREAS\\proyecto\\approach1-APRENDIENDO-FAMILIARIZANDO\\backend1\\UnitTests\\bin\\Debug\\net6.0\\fine-code-coverage\\build-output\\UnitTests.dll","CodeFilePath":null,"LineNumber":0,"Properties":[]},"Attachments":[],"Outcome":1,"ErrorMessage":null,"ErrorStackTrace":null,"DisplayName":"UnitTests.ServicesUT.ChildServiceUT.GetChildren_TwoChildrenAdded_ReturnsListWith2Children_UNIT","Messages":[],"ComputerName":"LAPTOP-91G4ROA7","Duration":"00:00:00.0737319","StartTime":"2022-08-19T01:47:52.7584116+00:00","EndTime":"2022-08-19T01:47:52.7584119+00:00","Properties":[]}],"TestRunStatistics":{"ExecutedTests":11,"Stats":{"Passed":11}},"ActiveTests":[]},"RunAttachments":[],"ExecutorUris":["executor://xunit/VsTestRunner2/netcoreapp"]}}
TpTrace Verbose: 0 : 29376, 7, 2022/08/18, 21:47:52.771, 6178284760062, vstest.console.dll, TestRequestSender.EndSession: Sending end session.
TpTrace Verbose: 0 : 29376, 7, 2022/08/18, 21:47:52.771, 6178284760968, vstest.console.dll, ProxyOperationManager.Close: waiting for test host to exit for 100 ms
TpTrace Warning: 0 : 29376, 13, 2022/08/18, 21:47:52.791, 6178284959781, vstest.console.dll, TestHostManagerCallbacks.ErrorReceivedCallback Test host standard error line: 
TpTrace Verbose: 0 : 29376, 13, 2022/08/18, 21:47:52.805, 6178285106129, vstest.console.dll, TestHostProvider.ExitCallBack: Host exited starting callback.
TpTrace Information: 0 : 29376, 13, 2022/08/18, 21:47:52.806, 6178285111081, vstest.console.dll, TestHostManagerCallbacks.ExitCallBack: Testhost processId: 10872 exited with exitcode: 0 error: ''
TpTrace Verbose: 0 : 29376, 13, 2022/08/18, 21:47:52.806, 6178285112256, vstest.console.dll, DotnetTestHostManager.OnHostExited: invoking OnHostExited callback
TpTrace Verbose: 0 : 29376, 13, 2022/08/18, 21:47:52.806, 6178285113022, vstest.console.dll, CrossPlatEngine.TestHostManagerHostExited: calling on client process exit callback.
TpTrace Information: 0 : 29376, 13, 2022/08/18, 21:47:52.806, 6178285113594, vstest.console.dll, TestRequestSender.OnClientProcessExit: Test host process exited. Standard error: 
TpTrace Information: 0 : 29376, 13, 2022/08/18, 21:47:52.806, 6178285113882, vstest.console.dll, SocketServer.Stop: Stop server endPoint: 127.0.0.1:57319
TpTrace Information: 0 : 29376, 13, 2022/08/18, 21:47:52.806, 6178285114100, vstest.console.dll, SocketServer.Stop: Cancellation requested. Stopping message loop.
TpTrace Information: 0 : 29376, 7, 2022/08/18, 21:47:52.806, 6178285113890, vstest.console.dll, SocketServer.Stop: Stop server endPoint: 127.0.0.1:57319
TpTrace Information: 0 : 29376, 7, 2022/08/18, 21:47:52.806, 6178285114716, vstest.console.dll, SocketServer.Stop: Cancellation requested. Stopping message loop.
TpTrace Information: 0 : 29376, 7, 2022/08/18, 21:47:52.806, 6178285115113, vstest.console.dll, Closing the connection
TpTrace Verbose: 0 : 29376, 13, 2022/08/18, 21:47:52.806, 6178285115340, vstest.console.dll, MulticastDelegateUtilities.SafeInvoke: HostProviderEvents.OnHostExited: Invoking callback 1/1 for Microsoft.VisualStudio.TestPlatform.CrossPlatEngine.Client.ProxyOperationManager.TestHostManagerHostExited, took 0 ms.
TpTrace Verbose: 0 : 29376, 7, 2022/08/18, 21:47:52.807, 6178285119506, vstest.console.dll, ProxyDataCollectionManager.InvokeDataCollectionServiceAction: Starting.
TpTrace Information: 0 : 29376, 7, 2022/08/18, 21:47:52.807, 6178285120024, vstest.console.dll, ProxyDataCollectionManager.AfterTestRunEnd: Get attachment set and invoked data collectors processId: 19492 port: 57315
TpTrace Verbose: 0 : 29376, 7, 2022/08/18, 21:47:52.807, 6178285120369, vstest.console.dll, DataCollectionRequestSender.SendAfterTestRunStartAndGetResult: Send AfterTestRunEnd message with isCancelled: False
TpTrace Verbose: 0 : 29376, 7, 2022/08/18, 21:47:52.812, 6178285168571, vstest.console.dll, DataCollectionRequestSender.SendAfterTestRunStartAndGetResult: Received message: (DataCollection.AfterTestRunEndResult) -> {
  "AttachmentSets": [],
  "InvokedDataCollectors": [
    {
      "Uri": "datacollector://Microsoft/TestPlatform/Extensions/Blame/v1",
      "FriendlyName": "Blame",
      "AssemblyQualifiedName": "Microsoft.TestPlatform.Extensions.BlameDataCollector.BlameCollector, Microsoft.TestPlatform.Extensions.BlameDataCollector, Version=15.0.0.0, Culture=neutral, PublicKeyToken=b03f5f7f11d50a3a",
      "FilePath": "C:\\Program Files\\dotnet\\sdk\\6.0.303\\Extensions\\Microsoft.TestPlatform.Extensions.BlameDataCollector.dll",
      "HasAttachmentProcessor": false
    }
  ],
  "Metrics": {}
}
TpTrace Warning: 0 : 29376, 10, 2022/08/18, 21:47:52.815, 6178285205942, vstest.console.dll, DataCollectionLauncher.ErrorReceivedCallback datacollector standard error line: 
TpTrace Information: 0 : 29376, 7, 2022/08/18, 21:47:52.817, 6178285222515, vstest.console.dll, ProxyDataCollectionManager.InvokeDataCollectionServiceAction: Completed.
TpTrace Information: 0 : 29376, 10, 2022/08/18, 21:47:52.820, 6178285257893, vstest.console.dll, DataCollectionLauncher.ExitCallBack: Data collector exited with exitcode: 0 error: ''
TpTrace Verbose: 0 : 29376, 7, 2022/08/18, 21:47:52.839, 6178285446450, vstest.console.dll, TestRunRequest:SendTestRunStatsChange: Starting.
TpTrace Verbose: 0 : 29376, 7, 2022/08/18, 21:47:52.840, 6178285448142, vstest.console.dll, MulticastDelegateUtilities.SafeInvoke: TestRun.RunStatsChanged: Invoking callbacks was skipped because there are no subscribers.
TpTrace Information: 0 : 29376, 7, 2022/08/18, 21:47:52.840, 6178285448362, vstest.console.dll, TestRunRequest:SendTestRunStatsChange: Completed.
TpTrace Verbose: 0 : 29376, 4, 2022/08/18, 21:47:52.840, 6178285449492, vstest.console.dll, MulticastDelegateUtilities.SafeInvoke: InternalTestLoggerEvents.SendTestResult: Invoking callback 1/1 for Microsoft.VisualStudio.TestPlatform.CommandLine.Internal.ConsoleLogger.TestResultHandler, took 0 ms.
TpTrace Verbose: 0 : 29376, 4, 2022/08/18, 21:47:52.840, 6178285450128, vstest.console.dll, MulticastDelegateUtilities.SafeInvoke: InternalTestLoggerEvents.SendTestResult: Invoking callback 1/1 for Microsoft.VisualStudio.TestPlatform.CommandLine.Internal.ConsoleLogger.TestResultHandler, took 0 ms.
TpTrace Verbose: 0 : 29376, 4, 2022/08/18, 21:47:52.840, 6178285450407, vstest.console.dll, MulticastDelegateUtilities.SafeInvoke: InternalTestLoggerEvents.SendTestResult: Invoking callback 1/1 for Microsoft.VisualStudio.TestPlatform.CommandLine.Internal.ConsoleLogger.TestResultHandler, took 0 ms.
TpTrace Verbose: 0 : 29376, 7, 2022/08/18, 21:47:52.840, 6178285450756, vstest.console.dll, ParallelProxyExecutionManager: HandlePartialRunComplete: Total completed clients = 1, Run complete = True, Run canceled: False.
TpTrace Verbose: 0 : 29376, 4, 2022/08/18, 21:47:52.846, 6178285515122, vstest.console.dll, MulticastDelegateUtilities.SafeInvoke: InternalTestLoggerEvents.SendTestRunComplete: Invoking callback 1/2 for Microsoft.TestPlatform.Extensions.BlameDataCollector.BlameLogger.TestRunCompleteHandler, took 0 ms.
TpTrace Verbose: 0 : 29376, 4, 2022/08/18, 21:47:52.850, 6178285550935, vstest.console.dll, MulticastDelegateUtilities.SafeInvoke: InternalTestLoggerEvents.SendTestRunComplete: Invoking callback 2/2 for Microsoft.VisualStudio.TestPlatform.CommandLine.Internal.ConsoleLogger.TestRunCompleteHandler, took 3 ms.
TpTrace Verbose: 0 : 29376, 7, 2022/08/18, 21:47:52.850, 6178285554328, vstest.console.dll, TestRunRequest:TestRunComplete: Starting. IsAborted:False IsCanceled:False.
TpTrace Verbose: 0 : 29376, 7, 2022/08/18, 21:47:52.851, 6178285558825, vstest.console.dll, TestLoggerManager.HandleTestRunComplete: Ignoring as the object is disposed.
TpTrace Verbose: 0 : 29376, 7, 2022/08/18, 21:47:52.851, 6178285560226, vstest.console.dll, MulticastDelegateUtilities.SafeInvoke: TestRun.TestRunComplete: Invoking callback 1/2 for Microsoft.VisualStudio.TestPlatform.CommandLine.TestRunResultAggregator.TestRunCompletionHandler, took 0 ms.
TpTrace Verbose: 0 : 29376, 7, 2022/08/18, 21:47:52.851, 6178285560707, vstest.console.dll, MulticastDelegateUtilities.SafeInvoke: TestRun.TestRunComplete: Invoking callback 2/2 for Microsoft.VisualStudio.TestPlatform.CommandLine.Processors.RunTestsArgumentExecutor+TestRunRequestEventsRegistrar.TestRunRequest_OnRunCompletion, took 0 ms.
TpTrace Information: 0 : 29376, 7, 2022/08/18, 21:47:52.851, 6178285561265, vstest.console.dll, TestRunRequest:TestRunComplete: Completed.
TpTrace Verbose: 0 : 29376, 7, 2022/08/18, 21:47:52.851, 6178285561478, vstest.console.dll, TestRequestSender.SetOperationComplete: Setting operation complete.
TpTrace Information: 0 : 29376, 7, 2022/08/18, 21:47:52.851, 6178285561659, vstest.console.dll, SocketServer.Stop: Stop server endPoint: 127.0.0.1:57319
TpTrace Information: 0 : 29376, 7, 2022/08/18, 21:47:52.851, 6178285561833, vstest.console.dll, SocketServer.Stop: Cancellation requested. Stopping message loop.
TpTrace Verbose: 0 : 29376, 7, 2022/08/18, 21:47:52.851, 6178285562075, vstest.console.dll, MulticastDelegateUtilities.SafeInvoke: LengthPrefixCommunicationChannel: MessageReceived: Invoking callback 1/1 for Microsoft.VisualStudio.TestPlatform.CommunicationUtilities.TestRequestSender+<>c__DisplayClass30_0.<StartTestRun>b__1, took 80 ms.
TpTrace Information: 0 : 29376, 7, 2022/08/18, 21:47:52.851, 6178285562287, vstest.console.dll, SocketServer.PrivateStop: Stopping server endPoint: 127.0.0.1:57319 error: 
TpTrace Verbose: 0 : 29376, 1, 2022/08/18, 21:47:52.851, 6178285562418, vstest.console.dll, TestRunRequest.Dispose: Starting.
TpTrace Information: 0 : 29376, 1, 2022/08/18, 21:47:52.851, 6178285562897, vstest.console.dll, TestRunRequest.Dispose: Completed.
TpTrace Information: 0 : 29376, 1, 2022/08/18, 21:47:52.851, 6178285563133, vstest.console.dll, TestRequestManager.RunTests: run tests completed.
TpTrace Information: 0 : 29376, 1, 2022/08/18, 21:47:52.851, 6178285563592, vstest.console.dll, RunTestsArgumentProcessor:Execute: Test run is completed.
TpTrace Verbose: 0 : 29376, 1, 2022/08/18, 21:47:52.851, 6178285564897, vstest.console.dll, Executor.Execute: Exiting with exit code of 0
TpTrace Verbose: 0 : 29376, 7, 2022/08/18, 21:47:52.851, 6178285565567, vstest.console.dll, LengthPrefixCommunicationChannel.Dispose: Dispose reader and writer.
TpTrace Information: 0 : 29376, 7, 2022/08/18, 21:47:52.851, 6178285566234, vstest.console.dll, SocketServer.Stop: Raise disconnected event endPoint: 127.0.0.1:57319 error: 
TpTrace Verbose: 0 : 29376, 7, 2022/08/18, 21:47:52.851, 6178285566772, vstest.console.dll, TestRequestSender: OnTestRunAbort: Operation is already complete. Skip error message.
TpTrace Verbose: 0 : 29376, 7, 2022/08/18, 21:47:52.851, 6178285567093, vstest.console.dll, MulticastDelegateUtilities.SafeInvoke: SocketServer: ClientDisconnected: Invoking callback 1/1 for Microsoft.VisualStudio.TestPlatform.CommunicationUtilities.TestRequestSender.<InitializeCommunication>b__23_1, took 0 ms.
TpTrace Verbose: 0 : 29376, 7, 2022/08/18, 21:47:52.851, 6178285567341, vstest.console.dll, TcpClientExtensions.MessageLoopAsync: exiting MessageLoopAsync remoteEndPoint: 127.0.0.1:57320 localEndPoint: 127.0.0.1:57319
